<?xml version="1.0" encoding="UTF-8"?>
<robot generator="Robot 7.2.2 (Python 3.13.3 on win32)" generated="2025-05-19T14:14:32.006206" rpa="false" schemaversion="5">
<suite id="s1" name="POM Robot" source="D:\POM_Robot">
<suite id="s1-s1" name="TestCases" source="D:\POM_Robot\TestCases">
<suite id="s1-s1-s1" name="ForgotPasswordTest" source="D:\POM_Robot\TestCases\ForgotPasswordTest.robot">
<test id="s1-s1-s1-t1" name="validate Reset Password functionality" line="11">
<kw name="open the browser with url" owner="GenericResources" type="SETUP">
<kw name="Open Browser" owner="SeleniumLibrary">
<msg time="2025-05-19T14:14:32.356166" level="INFO">Opening browser 'chrome' to base url 'https://opensource-demo.orangehrmlive.com/web/index.php/auth/login'.</msg>
<arg>${url}</arg>
<arg>${browser}</arg>
<doc>Opens a new browser instance to the optional ``url``.</doc>
<status status="PASS" start="2025-05-19T14:14:32.355968" elapsed="7.260806"/>
</kw>
<kw name="Maximize Browser Window" owner="SeleniumLibrary">
<doc>Maximizes current browser window.</doc>
<status status="PASS" start="2025-05-19T14:14:39.617979" elapsed="0.042151"/>
</kw>
<kw name="Set Selenium Implicit Wait" owner="SeleniumLibrary">
<arg>5</arg>
<doc>Sets the implicit wait value used by Selenium.</doc>
<status status="PASS" start="2025-05-19T14:14:39.660921" elapsed="0.002457"/>
</kw>
<status status="PASS" start="2025-05-19T14:14:32.355467" elapsed="7.308911"/>
</kw>
<kw name="Go to Forget your password page" owner="LoginResources">
<kw name="Click Element" owner="SeleniumLibrary">
<msg time="2025-05-19T14:14:39.668337" level="INFO">Clicking element 'xpath=//p[@class='oxd-text oxd-text--p orangehrm-login-forgot-header']'.</msg>
<arg>${forget_pw}</arg>
<doc>Click the element identified by ``locator``.</doc>
<status status="PASS" start="2025-05-19T14:14:39.667259" elapsed="1.961385"/>
</kw>
<status status="PASS" start="2025-05-19T14:14:39.666241" elapsed="1.964870"/>
</kw>
<kw name="Verify Forgot Your Password Page Opens" owner="ForgetPasswordResoure">
<kw name="Element Text Should Be" owner="SeleniumLibrary">
<msg time="2025-05-19T14:14:41.633078" level="INFO">Verifying element 'css:.orangehrm-forgot-password-title' contains exact text 'Reset Password'.</msg>
<arg>${frogot_page_title}</arg>
<arg>Reset Password</arg>
<doc>Verifies that element ``locator`` contains exact the text ``expected``.</doc>
<status status="PASS" start="2025-05-19T14:14:41.632660" elapsed="0.409489"/>
</kw>
<status status="PASS" start="2025-05-19T14:14:41.632131" elapsed="0.411100"/>
</kw>
<kw name="Fill the Forgot Password Page" owner="ForgetPasswordResoure">
<kw name="Input Text" owner="SeleniumLibrary">
<msg time="2025-05-19T14:14:42.045281" level="INFO">Typing text 'abc@gmail.com' into text field 'css:.oxd-input--active'.</msg>
<arg>${username}</arg>
<arg>abc@gmail.com</arg>
<doc>Types the given ``text`` into the text field identified by ``locator``.</doc>
<status status="PASS" start="2025-05-19T14:14:42.044600" elapsed="0.204310"/>
</kw>
<kw name="Click Button" owner="SeleniumLibrary">
<msg time="2025-05-19T14:14:42.250742" level="INFO">Clicking button 'css:.orangehrm-forgot-password-button--reset'.</msg>
<arg>${reset_btn}</arg>
<doc>Clicks the button identified by ``locator``.</doc>
<status status="PASS" start="2025-05-19T14:14:42.250234" elapsed="0.156736"/>
</kw>
<status status="PASS" start="2025-05-19T14:14:42.043988" elapsed="0.364576"/>
</kw>
<kw name="Verify the message" owner="ForgetPasswordResoure">
<kw name="Element Text Should Be" owner="SeleniumLibrary">
<msg time="2025-05-19T14:14:42.411822" level="INFO">Verifying element 'xpath://div[@class='orangehrm-card-container']/h6' contains exact text 'Reset Password link sent successfully'.</msg>
<arg>${reset_message}</arg>
<arg>Reset Password link sent successfully</arg>
<doc>Verifies that element ``locator`` contains exact the text ``expected``.</doc>
<status status="PASS" start="2025-05-19T14:14:42.411172" elapsed="1.331275"/>
</kw>
<status status="PASS" start="2025-05-19T14:14:42.410088" elapsed="1.334366"/>
</kw>
<kw name="close the browser session" owner="GenericResources" type="TEARDOWN">
<kw name="Close Browser" owner="SeleniumLibrary">
<doc>Closes the current browser.</doc>
<status status="PASS" start="2025-05-19T14:14:43.746136" elapsed="2.197193"/>
</kw>
<status status="PASS" start="2025-05-19T14:14:43.745339" elapsed="2.198321"/>
</kw>
<tag>smoke</tag>
<status status="PASS" start="2025-05-19T14:14:32.354491" elapsed="13.589553"/>
</test>
<test id="s1-s1-s1-t2" name="validate cancel functionality" line="18">
<kw name="open the browser with url" owner="GenericResources" type="SETUP">
<kw name="Open Browser" owner="SeleniumLibrary">
<msg time="2025-05-19T14:14:45.950759" level="INFO">Opening browser 'chrome' to base url 'https://opensource-demo.orangehrmlive.com/web/index.php/auth/login'.</msg>
<arg>${url}</arg>
<arg>${browser}</arg>
<doc>Opens a new browser instance to the optional ``url``.</doc>
<status status="PASS" start="2025-05-19T14:14:45.950425" elapsed="5.897866"/>
</kw>
<kw name="Maximize Browser Window" owner="SeleniumLibrary">
<doc>Maximizes current browser window.</doc>
<status status="PASS" start="2025-05-19T14:14:51.849789" elapsed="0.047295"/>
</kw>
<kw name="Set Selenium Implicit Wait" owner="SeleniumLibrary">
<arg>5</arg>
<doc>Sets the implicit wait value used by Selenium.</doc>
<status status="PASS" start="2025-05-19T14:14:51.897624" elapsed="0.002141"/>
</kw>
<status status="PASS" start="2025-05-19T14:14:45.950010" elapsed="5.950033"/>
</kw>
<kw name="Go to Forget your password page" owner="LoginResources">
<kw name="Click Element" owner="SeleniumLibrary">
<msg time="2025-05-19T14:14:51.901093" level="INFO">Clicking element 'xpath=//p[@class='oxd-text oxd-text--p orangehrm-login-forgot-header']'.</msg>
<arg>${forget_pw}</arg>
<doc>Click the element identified by ``locator``.</doc>
<status status="PASS" start="2025-05-19T14:14:51.900849" elapsed="1.957152"/>
</kw>
<status status="PASS" start="2025-05-19T14:14:51.900511" elapsed="1.958729"/>
</kw>
<kw name="Verify Forgot Your Password Page Opens" owner="ForgetPasswordResoure">
<kw name="Element Text Should Be" owner="SeleniumLibrary">
<msg time="2025-05-19T14:14:53.862611" level="INFO">Verifying element 'css:.orangehrm-forgot-password-title' contains exact text 'Reset Password'.</msg>
<arg>${frogot_page_title}</arg>
<arg>Reset Password</arg>
<doc>Verifies that element ``locator`` contains exact the text ``expected``.</doc>
<status status="PASS" start="2025-05-19T14:14:53.862023" elapsed="0.447500"/>
</kw>
<status status="PASS" start="2025-05-19T14:14:53.861073" elapsed="0.450410"/>
</kw>
<kw name="Cancel the Reset Password" owner="ForgetPasswordResoure">
<kw name="Click Button" owner="SeleniumLibrary">
<msg time="2025-05-19T14:14:54.314180" level="INFO">Clicking button 'css:.orangehrm-forgot-password-button--cancel'.</msg>
<arg>${cancel_btn}</arg>
<doc>Clicks the button identified by ``locator``.</doc>
<status status="PASS" start="2025-05-19T14:14:54.313783" elapsed="0.628697"/>
</kw>
<status status="PASS" start="2025-05-19T14:14:54.313047" elapsed="0.630687"/>
</kw>
<kw name="Verify that Login Page is displayed" owner="ForgetPasswordResoure">
<kw name="Element Text Should Be" owner="SeleniumLibrary">
<msg time="2025-05-19T14:14:54.945825" level="INFO">Verifying element 'xpath://div[@class='orangehrm-login-slot']/h5' contains exact text 'Login'.</msg>
<arg>${login_page_title}</arg>
<arg>Login</arg>
<doc>Verifies that element ``locator`` contains exact the text ``expected``.</doc>
<status status="PASS" start="2025-05-19T14:14:54.945300" elapsed="0.388102"/>
</kw>
<status status="PASS" start="2025-05-19T14:14:54.944677" elapsed="0.390203"/>
</kw>
<kw name="close the browser session" owner="GenericResources" type="TEARDOWN">
<kw name="Close Browser" owner="SeleniumLibrary">
<doc>Closes the current browser.</doc>
<status status="PASS" start="2025-05-19T14:14:55.336854" elapsed="2.198965"/>
</kw>
<status status="PASS" start="2025-05-19T14:14:55.335839" elapsed="2.200267"/>
</kw>
<tag>smoke</tag>
<status status="PASS" start="2025-05-19T14:14:45.949156" elapsed="11.587678"/>
</test>
<status status="PASS" start="2025-05-19T14:14:32.077878" elapsed="25.469297"/>
</suite>
<suite id="s1-s1-s2" name="LoginPageTest" source="D:\POM_Robot\TestCases\LoginPageTest.robot">
<test id="s1-s1-s2-t1" name="validate unsuccessful login using invalid credentials" line="10">
<kw name="open the browser with url" owner="GenericResources" type="SETUP">
<kw name="Open Browser" owner="SeleniumLibrary">
<msg time="2025-05-19T14:14:57.568446" level="INFO">Opening browser 'chrome' to base url 'https://opensource-demo.orangehrmlive.com/web/index.php/auth/login'.</msg>
<arg>${url}</arg>
<arg>${browser}</arg>
<doc>Opens a new browser instance to the optional ``url``.</doc>
<status status="PASS" start="2025-05-19T14:14:57.568011" elapsed="6.330217"/>
</kw>
<kw name="Maximize Browser Window" owner="SeleniumLibrary">
<doc>Maximizes current browser window.</doc>
<status status="PASS" start="2025-05-19T14:15:03.899205" elapsed="0.049522"/>
</kw>
<kw name="Set Selenium Implicit Wait" owner="SeleniumLibrary">
<arg>5</arg>
<doc>Sets the implicit wait value used by Selenium.</doc>
<status status="PASS" start="2025-05-19T14:15:03.949202" elapsed="0.002066"/>
</kw>
<status status="PASS" start="2025-05-19T14:14:57.567431" elapsed="6.384201"/>
</kw>
<kw name="fill the login form" owner="LoginResources">
<kw name="Input Text" owner="SeleniumLibrary">
<msg time="2025-05-19T14:15:03.954629" level="INFO">Typing text 'Admin' into text field 'xpath=//input[@name='username']'.</msg>
<arg>xpath=//input[@name='username']</arg>
<arg>${un}</arg>
<doc>Types the given ``text`` into the text field identified by ``locator``.</doc>
<status status="PASS" start="2025-05-19T14:15:03.953916" elapsed="0.566603"/>
</kw>
<kw name="Input Password" owner="SeleniumLibrary">
<msg time="2025-05-19T14:15:04.522374" level="INFO">Typing password into text field 'xpath=//input[@name='password']'.</msg>
<msg time="2025-05-19T14:15:04.585007" level="INFO">Temporally setting log level to: NONE</msg>
<arg>xpath=//input[@name='password']</arg>
<arg>${pw}</arg>
<doc>Types the given password into the text field identified by ``locator``.</doc>
<status status="PASS" start="2025-05-19T14:15:04.521845" elapsed="0.145070"/>
</kw>
<kw name="Click Button" owner="SeleniumLibrary">
<msg time="2025-05-19T14:15:04.669443" level="INFO">Clicking button 'xpath=//button[@class='oxd-button oxd-button--medium oxd-button--main orangehrm-login-button']'.</msg>
<arg>xpath=//button[@class='oxd-button oxd-button--medium oxd-button--main orangehrm-login-button']</arg>
<doc>Clicks the button identified by ``locator``.</doc>
<status status="PASS" start="2025-05-19T14:15:04.668902" elapsed="0.191130"/>
</kw>
<kw name="Sleep" owner="BuiltIn">
<msg time="2025-05-19T14:15:09.862728" level="INFO">Slept 5 seconds.</msg>
<arg>5</arg>
<doc>Pauses the test executed for the given time.</doc>
<status status="PASS" start="2025-05-19T14:15:04.861854" elapsed="5.001088"/>
</kw>
<arg>${valid_un}</arg>
<arg>${invalid_pw}</arg>
<status status="PASS" start="2025-05-19T14:15:03.952637" elapsed="5.911510"/>
</kw>
<kw name="verify the error message is correct" owner="LoginResources">
<kw name="Element Text Should Be" owner="SeleniumLibrary">
<msg time="2025-05-19T14:15:09.866539" level="INFO">Verifying element 'xpath=//div[@class='oxd-alert-content oxd-alert-content--error']/p' contains exact text 'Invalid credentials'.</msg>
<arg>${login_error}</arg>
<arg>Invalid credentials</arg>
<doc>Verifies that element ``locator`` contains exact the text ``expected``.</doc>
<status status="PASS" start="2025-05-19T14:15:09.865969" elapsed="0.058662"/>
</kw>
<status status="PASS" start="2025-05-19T14:15:09.865158" elapsed="0.060801"/>
</kw>
<kw name="close the browser session" owner="GenericResources" type="TEARDOWN">
<kw name="Close Browser" owner="SeleniumLibrary">
<doc>Closes the current browser.</doc>
<status status="PASS" start="2025-05-19T14:15:09.928555" elapsed="2.222036"/>
</kw>
<status status="PASS" start="2025-05-19T14:15:09.927950" elapsed="2.223409"/>
</kw>
<status status="PASS" start="2025-05-19T14:14:57.566368" elapsed="14.585633"/>
</test>
<test id="s1-s1-s2-t2" name="validate unsuccessful login for blank username" line="14">
<kw name="open the browser with url" owner="GenericResources" type="SETUP">
<kw name="Open Browser" owner="SeleniumLibrary">
<msg time="2025-05-19T14:15:12.168516" level="INFO">Opening browser 'chrome' to base url 'https://opensource-demo.orangehrmlive.com/web/index.php/auth/login'.</msg>
<arg>${url}</arg>
<arg>${browser}</arg>
<doc>Opens a new browser instance to the optional ``url``.</doc>
<status status="PASS" start="2025-05-19T14:15:12.168001" elapsed="6.490454"/>
</kw>
<kw name="Maximize Browser Window" owner="SeleniumLibrary">
<doc>Maximizes current browser window.</doc>
<status status="PASS" start="2025-05-19T14:15:18.660417" elapsed="0.036064"/>
</kw>
<kw name="Set Selenium Implicit Wait" owner="SeleniumLibrary">
<arg>5</arg>
<doc>Sets the implicit wait value used by Selenium.</doc>
<status status="PASS" start="2025-05-19T14:15:18.697056" elapsed="0.003056"/>
</kw>
<status status="PASS" start="2025-05-19T14:15:12.167327" elapsed="6.533419"/>
</kw>
<kw name="fill the login form" owner="LoginResources">
<kw name="Input Text" owner="SeleniumLibrary">
<msg time="2025-05-19T14:15:18.703558" level="INFO">Typing text '' into text field 'xpath=//input[@name='username']'.</msg>
<arg>xpath=//input[@name='username']</arg>
<arg>${un}</arg>
<doc>Types the given ``text`` into the text field identified by ``locator``.</doc>
<status status="PASS" start="2025-05-19T14:15:18.702736" elapsed="0.773938"/>
</kw>
<kw name="Input Password" owner="SeleniumLibrary">
<msg time="2025-05-19T14:15:19.478345" level="INFO">Typing password into text field 'xpath=//input[@name='password']'.</msg>
<msg time="2025-05-19T14:15:19.529703" level="INFO">Temporally setting log level to: NONE</msg>
<arg>xpath=//input[@name='password']</arg>
<arg>${pw}</arg>
<doc>Types the given password into the text field identified by ``locator``.</doc>
<status status="PASS" start="2025-05-19T14:15:19.477842" elapsed="0.124652"/>
</kw>
<kw name="Click Button" owner="SeleniumLibrary">
<msg time="2025-05-19T14:15:19.604129" level="INFO">Clicking button 'xpath=//button[@class='oxd-button oxd-button--medium oxd-button--main orangehrm-login-button']'.</msg>
<arg>xpath=//button[@class='oxd-button oxd-button--medium oxd-button--main orangehrm-login-button']</arg>
<doc>Clicks the button identified by ``locator``.</doc>
<status status="PASS" start="2025-05-19T14:15:19.603690" elapsed="0.067337"/>
</kw>
<kw name="Sleep" owner="BuiltIn">
<msg time="2025-05-19T14:15:24.673555" level="INFO">Slept 5 seconds.</msg>
<arg>5</arg>
<doc>Pauses the test executed for the given time.</doc>
<status status="PASS" start="2025-05-19T14:15:19.672526" elapsed="5.001289"/>
</kw>
<arg>${blank_un}</arg>
<arg>${valid_pw}</arg>
<status status="PASS" start="2025-05-19T14:15:18.701692" elapsed="5.973608"/>
</kw>
<kw name="verify the error message is displayed for username" owner="LoginResources">
<kw name="Element Text Should Be" owner="SeleniumLibrary">
<msg time="2025-05-19T14:15:24.677639" level="INFO">Verifying element 'xpath=(//div[@class='oxd-input-group oxd-input-field-bottom-space'])[1]/span' contains exact text 'Required'.</msg>
<arg>${missing_username}</arg>
<arg>Required</arg>
<doc>Verifies that element ``locator`` contains exact the text ``expected``.</doc>
<status status="PASS" start="2025-05-19T14:15:24.677216" elapsed="0.039244"/>
</kw>
<status status="PASS" start="2025-05-19T14:15:24.676594" elapsed="0.041512"/>
</kw>
<kw name="close the browser session" owner="GenericResources" type="TEARDOWN">
<kw name="Close Browser" owner="SeleniumLibrary">
<doc>Closes the current browser.</doc>
<status status="PASS" start="2025-05-19T14:15:24.719812" elapsed="2.210527"/>
</kw>
<status status="PASS" start="2025-05-19T14:15:24.719167" elapsed="2.212272"/>
</kw>
<status status="PASS" start="2025-05-19T14:15:12.165509" elapsed="14.766837"/>
</test>
<test id="s1-s1-s2-t3" name="validate unsucessful login for black password" line="18">
<kw name="open the browser with url" owner="GenericResources" type="SETUP">
<kw name="Open Browser" owner="SeleniumLibrary">
<msg time="2025-05-19T14:15:26.942560" level="INFO">Opening browser 'chrome' to base url 'https://opensource-demo.orangehrmlive.com/web/index.php/auth/login'.</msg>
<arg>${url}</arg>
<arg>${browser}</arg>
<doc>Opens a new browser instance to the optional ``url``.</doc>
<status status="PASS" start="2025-05-19T14:15:26.942086" elapsed="6.433696"/>
</kw>
<kw name="Maximize Browser Window" owner="SeleniumLibrary">
<doc>Maximizes current browser window.</doc>
<status status="PASS" start="2025-05-19T14:15:33.381994" elapsed="0.037805"/>
</kw>
<kw name="Set Selenium Implicit Wait" owner="SeleniumLibrary">
<arg>5</arg>
<doc>Sets the implicit wait value used by Selenium.</doc>
<status status="PASS" start="2025-05-19T14:15:33.420461" elapsed="0.001878"/>
</kw>
<status status="PASS" start="2025-05-19T14:15:26.941493" elapsed="6.481273"/>
</kw>
<kw name="fill the login form" owner="LoginResources">
<kw name="Input Text" owner="SeleniumLibrary">
<msg time="2025-05-19T14:15:33.425071" level="INFO">Typing text 'Admin' into text field 'xpath=//input[@name='username']'.</msg>
<arg>xpath=//input[@name='username']</arg>
<arg>${un}</arg>
<doc>Types the given ``text`` into the text field identified by ``locator``.</doc>
<status status="PASS" start="2025-05-19T14:15:33.424578" elapsed="0.752029"/>
</kw>
<kw name="Input Password" owner="SeleniumLibrary">
<msg time="2025-05-19T14:15:34.178581" level="INFO">Typing password into text field 'xpath=//input[@name='password']'.</msg>
<msg time="2025-05-19T14:15:34.235782" level="INFO">Temporally setting log level to: NONE</msg>
<arg>xpath=//input[@name='password']</arg>
<arg>${pw}</arg>
<doc>Types the given password into the text field identified by ``locator``.</doc>
<status status="PASS" start="2025-05-19T14:15:34.178061" elapsed="0.139606"/>
</kw>
<kw name="Click Button" owner="SeleniumLibrary">
<msg time="2025-05-19T14:15:34.319559" level="INFO">Clicking button 'xpath=//button[@class='oxd-button oxd-button--medium oxd-button--main orangehrm-login-button']'.</msg>
<arg>xpath=//button[@class='oxd-button oxd-button--medium oxd-button--main orangehrm-login-button']</arg>
<doc>Clicks the button identified by ``locator``.</doc>
<status status="PASS" start="2025-05-19T14:15:34.319124" elapsed="0.137792"/>
</kw>
<kw name="Sleep" owner="BuiltIn">
<msg time="2025-05-19T14:15:39.459688" level="INFO">Slept 5 seconds.</msg>
<arg>5</arg>
<doc>Pauses the test executed for the given time.</doc>
<status status="PASS" start="2025-05-19T14:15:34.458713" elapsed="5.001145"/>
</kw>
<arg>${valid_un}</arg>
<arg>${blank_pw}</arg>
<status status="PASS" start="2025-05-19T14:15:33.423536" elapsed="6.037236"/>
</kw>
<kw name="verify the error message is displayed for password" owner="LoginResources">
<kw name="Element Text Should Be" owner="SeleniumLibrary">
<msg time="2025-05-19T14:15:39.461847" level="INFO">Verifying element 'xpath=//div[@class='oxd-input-group oxd-input-field-bottom-space']/span' contains exact text 'Required'.</msg>
<arg>${missing-password}</arg>
<arg>Required</arg>
<doc>Verifies that element ``locator`` contains exact the text ``expected``.</doc>
<status status="PASS" start="2025-05-19T14:15:39.461637" elapsed="0.024970"/>
</kw>
<status status="PASS" start="2025-05-19T14:15:39.461353" elapsed="0.026293"/>
</kw>
<kw name="close the browser session" owner="GenericResources" type="TEARDOWN">
<kw name="Close Browser" owner="SeleniumLibrary">
<doc>Closes the current browser.</doc>
<status status="PASS" start="2025-05-19T14:15:39.488517" elapsed="2.138676"/>
</kw>
<status status="PASS" start="2025-05-19T14:15:39.488230" elapsed="2.139806"/>
</kw>
<status status="PASS" start="2025-05-19T14:15:26.940485" elapsed="14.689068"/>
</test>
<test id="s1-s1-s2-t4" name="validate successful login" line="22">
<kw name="open the browser with url" owner="GenericResources" type="SETUP">
<kw name="Open Browser" owner="SeleniumLibrary">
<msg time="2025-05-19T14:15:41.638915" level="INFO">Opening browser 'chrome' to base url 'https://opensource-demo.orangehrmlive.com/web/index.php/auth/login'.</msg>
<arg>${url}</arg>
<arg>${browser}</arg>
<doc>Opens a new browser instance to the optional ``url``.</doc>
<status status="PASS" start="2025-05-19T14:15:41.638522" elapsed="7.364965"/>
</kw>
<kw name="Maximize Browser Window" owner="SeleniumLibrary">
<doc>Maximizes current browser window.</doc>
<status status="PASS" start="2025-05-19T14:15:49.004130" elapsed="0.035064"/>
</kw>
<kw name="Set Selenium Implicit Wait" owner="SeleniumLibrary">
<arg>5</arg>
<doc>Sets the implicit wait value used by Selenium.</doc>
<status status="PASS" start="2025-05-19T14:15:49.040095" elapsed="0.003296"/>
</kw>
<status status="PASS" start="2025-05-19T14:15:41.638005" elapsed="7.405958"/>
</kw>
<kw name="fill the login form" owner="LoginResources">
<kw name="Input Text" owner="SeleniumLibrary">
<msg time="2025-05-19T14:15:49.045188" level="INFO">Typing text 'Admin' into text field 'xpath=//input[@name='username']'.</msg>
<arg>xpath=//input[@name='username']</arg>
<arg>${un}</arg>
<doc>Types the given ``text`` into the text field identified by ``locator``.</doc>
<status status="PASS" start="2025-05-19T14:15:49.044993" elapsed="0.795762"/>
</kw>
<kw name="Input Password" owner="SeleniumLibrary">
<msg time="2025-05-19T14:15:49.842387" level="INFO">Typing password into text field 'xpath=//input[@name='password']'.</msg>
<msg time="2025-05-19T14:15:49.883807" level="INFO">Temporally setting log level to: NONE</msg>
<arg>xpath=//input[@name='password']</arg>
<arg>${pw}</arg>
<doc>Types the given password into the text field identified by ``locator``.</doc>
<status status="PASS" start="2025-05-19T14:15:49.841963" elapsed="0.122219"/>
</kw>
<kw name="Click Button" owner="SeleniumLibrary">
<msg time="2025-05-19T14:15:49.965269" level="INFO">Clicking button 'xpath=//button[@class='oxd-button oxd-button--medium oxd-button--main orangehrm-login-button']'.</msg>
<arg>xpath=//button[@class='oxd-button oxd-button--medium oxd-button--main orangehrm-login-button']</arg>
<doc>Clicks the button identified by ``locator``.</doc>
<status status="PASS" start="2025-05-19T14:15:49.964985" elapsed="0.123268"/>
</kw>
<kw name="Sleep" owner="BuiltIn">
<msg time="2025-05-19T14:15:55.089987" level="INFO">Slept 5 seconds.</msg>
<arg>5</arg>
<doc>Pauses the test executed for the given time.</doc>
<status status="PASS" start="2025-05-19T14:15:50.089017" elapsed="5.001306"/>
</kw>
<arg>${valid_un}</arg>
<arg>${valid_pw}</arg>
<status status="PASS" start="2025-05-19T14:15:49.044638" elapsed="6.047500"/>
</kw>
<kw name="Sleep" owner="BuiltIn">
<msg time="2025-05-19T14:16:00.094093" level="INFO">Slept 5 seconds.</msg>
<arg>5</arg>
<doc>Pauses the test executed for the given time.</doc>
<status status="PASS" start="2025-05-19T14:15:55.093202" elapsed="5.001163"/>
</kw>
<kw name="verify dashboard page opens" owner="DashboardResources">
<kw name="Element Text Should Be" owner="SeleniumLibrary">
<msg time="2025-05-19T14:16:00.097645" level="INFO">Verifying element 'xpath=//h6' contains exact text 'Dashboard'.</msg>
<arg>${dash_title}</arg>
<arg>Dashboard</arg>
<doc>Verifies that element ``locator`` contains exact the text ``expected``.</doc>
<status status="PASS" start="2025-05-19T14:16:00.097153" elapsed="0.065339"/>
</kw>
<status status="PASS" start="2025-05-19T14:16:00.096549" elapsed="0.067658"/>
</kw>
<kw name="close the browser session" owner="GenericResources" type="TEARDOWN">
<kw name="Close Browser" owner="SeleniumLibrary">
<doc>Closes the current browser.</doc>
<status status="PASS" start="2025-05-19T14:16:00.165821" elapsed="2.238610"/>
</kw>
<status status="PASS" start="2025-05-19T14:16:00.165164" elapsed="2.239957"/>
</kw>
<status status="PASS" start="2025-05-19T14:15:41.637091" elapsed="20.768655"/>
</test>
<status status="PASS" start="2025-05-19T14:14:57.552987" elapsed="64.861985"/>
</suite>
<status status="PASS" start="2025-05-19T14:14:32.076853" elapsed="90.365760"/>
</suite>
<status status="PASS" start="2025-05-19T14:14:32.065796" elapsed="90.379371"/>
</suite>
<statistics>
<total>
<stat pass="6" fail="0" skip="0">All Tests</stat>
</total>
<tag>
<stat pass="2" fail="0" skip="0">smoke</stat>
</tag>
<suite>
<stat name="POM Robot" id="s1" pass="6" fail="0" skip="0">POM Robot</stat>
<stat name="TestCases" id="s1-s1" pass="6" fail="0" skip="0">POM Robot.TestCases</stat>
<stat name="ForgotPasswordTest" id="s1-s1-s1" pass="2" fail="0" skip="0">POM Robot.TestCases.ForgotPasswordTest</stat>
<stat name="LoginPageTest" id="s1-s1-s2" pass="4" fail="0" skip="0">POM Robot.TestCases.LoginPageTest</stat>
</suite>
</statistics>
<errors>
</errors>
</robot>
