<?xml version="1.0" encoding="UTF-8"?>
<robot generator="Robot 7.2.2 (Python 3.13.3 on win32)" generated="2025-05-19T14:09:42.897337" rpa="false" schemaversion="5">
<suite id="s1" name="POM Robot" source="D:\POM_Robot">
<suite id="s1-s1" name="TestCases" source="D:\POM_Robot\TestCases">
<suite id="s1-s1-s1" name="LoginPageTest" source="D:\POM_Robot\TestCases\LoginPageTest.robot">
<test id="s1-s1-s1-t1" name="validate unsuccessful login using invalid credentials" line="10">
<kw name="open the browser with url" owner="GenericResources" type="SETUP">
<kw name="Open Browser" owner="SeleniumLibrary">
<msg time="2025-05-19T14:09:43.516766" level="INFO">Opening browser 'chrome' to base url 'https://opensource-demo.orangehrmlive.com/web/index.php/auth/login'.</msg>
<arg>${url}</arg>
<arg>${browser}</arg>
<doc>Opens a new browser instance to the optional ``url``.</doc>
<status status="PASS" start="2025-05-19T14:09:43.515943" elapsed="10.351124"/>
</kw>
<kw name="Maximize Browser Window" owner="SeleniumLibrary">
<doc>Maximizes current browser window.</doc>
<status status="PASS" start="2025-05-19T14:09:53.867491" elapsed="0.094890"/>
</kw>
<kw name="Set Selenium Implicit Wait" owner="SeleniumLibrary">
<arg>5</arg>
<doc>Sets the implicit wait value used by Selenium.</doc>
<status status="PASS" start="2025-05-19T14:09:53.962676" elapsed="0.003151"/>
</kw>
<status status="PASS" start="2025-05-19T14:09:43.513630" elapsed="10.452886"/>
</kw>
<kw name="fill the login form" owner="LoginResources">
<kw name="Input Text" owner="SeleniumLibrary">
<msg time="2025-05-19T14:09:53.970702" level="INFO">Typing text 'Admin' into text field 'xpath=//input[@name='username']'.</msg>
<arg>xpath=//input[@name='username']</arg>
<arg>${un}</arg>
<doc>Types the given ``text`` into the text field identified by ``locator``.</doc>
<status status="PASS" start="2025-05-19T14:09:53.969332" elapsed="1.681467"/>
</kw>
<kw name="Input Password" owner="SeleniumLibrary">
<msg time="2025-05-19T14:09:55.652119" level="INFO">Typing password into text field 'xpath=//input[@name='password']'.</msg>
<msg time="2025-05-19T14:09:55.734139" level="INFO">Temporally setting log level to: NONE</msg>
<arg>xpath=//input[@name='password']</arg>
<arg>${pw}</arg>
<doc>Types the given password into the text field identified by ``locator``.</doc>
<status status="PASS" start="2025-05-19T14:09:55.651293" elapsed="0.218801"/>
</kw>
<kw name="Click Button" owner="SeleniumLibrary">
<msg time="2025-05-19T14:09:55.871024" level="INFO">Clicking button 'xpath=//button[@class='oxd-button oxd-button--medium oxd-button--main orangehrm-login-button']'.</msg>
<arg>xpath=//button[@class='oxd-button oxd-button--medium oxd-button--main orangehrm-login-button']</arg>
<doc>Clicks the button identified by ``locator``.</doc>
<status status="PASS" start="2025-05-19T14:09:55.870497" elapsed="0.186807"/>
</kw>
<kw name="Sleep" owner="BuiltIn">
<msg time="2025-05-19T14:10:01.058849" level="INFO">Slept 5 seconds.</msg>
<arg>5</arg>
<doc>Pauses the test executed for the given time.</doc>
<status status="PASS" start="2025-05-19T14:09:56.057726" elapsed="5.001510"/>
</kw>
<arg>${valid_un}</arg>
<arg>${invalid_pw}</arg>
<status status="PASS" start="2025-05-19T14:09:53.967314" elapsed="7.092318"/>
</kw>
<kw name="verify the error message is correct" owner="LoginResources">
<kw name="Element Text Should Be" owner="SeleniumLibrary">
<msg time="2025-05-19T14:10:01.062053" level="INFO">Verifying element 'xpath=//div[@class='oxd-alert-content oxd-alert-content--error']/p' contains exact text 'Invalid credentials'.</msg>
<arg>${login_error}</arg>
<arg>Invalid credentials</arg>
<doc>Verifies that element ``locator`` contains exact the text ``expected``.</doc>
<status status="PASS" start="2025-05-19T14:10:01.061254" elapsed="3.525991"/>
</kw>
<status status="PASS" start="2025-05-19T14:10:01.060275" elapsed="3.527333"/>
</kw>
<kw name="close the browser session" owner="GenericResources" type="TEARDOWN">
<kw name="Close Browser" owner="SeleniumLibrary">
<doc>Closes the current browser.</doc>
<status status="PASS" start="2025-05-19T14:10:04.589053" elapsed="2.223060"/>
</kw>
<status status="PASS" start="2025-05-19T14:10:04.588316" elapsed="2.224165"/>
</kw>
<status status="PASS" start="2025-05-19T14:09:43.511646" elapsed="23.301029"/>
</test>
<status status="PASS" start="2025-05-19T14:09:42.964760" elapsed="23.850404"/>
</suite>
<status status="PASS" start="2025-05-19T14:09:42.961892" elapsed="23.855269"/>
</suite>
<status status="PASS" start="2025-05-19T14:09:42.931992" elapsed="23.886541"/>
</suite>
<statistics>
<total>
<stat pass="1" fail="0" skip="0">All Tests</stat>
</total>
<tag>
</tag>
<suite>
<stat name="POM Robot" id="s1" pass="1" fail="0" skip="0">POM Robot</stat>
<stat name="TestCases" id="s1-s1" pass="1" fail="0" skip="0">POM Robot.TestCases</stat>
<stat name="LoginPageTest" id="s1-s1-s1" pass="1" fail="0" skip="0">POM Robot.TestCases.LoginPageTest</stat>
</suite>
</statistics>
<errors>
</errors>
</robot>
