<?xml version="1.0" encoding="UTF-8"?>
<robot generator="Robot 7.2.2 (Python 3.13.3 on win32)" generated="2025-05-20T19:32:30.110080" rpa="false" schemaversion="5">
<suite id="s1" name="TestCases" source="D:\RobotFramework-2\SauceDemo_Practice\TestCases">
<suite id="s1-s1" name="purchaseProductTest" source="D:\RobotFramework-2\SauceDemo_Practice\TestCases\purchaseProductTest.robot">
<test id="s1-s1-t1" name="Valid credentials" line="15">
<kw name="verify the product checkout feature">
<kw name="Open the browser with url" owner="GenericResources">
<kw name="Evaluate" owner="BuiltIn">
<msg time="2025-05-20T19:32:30.650028" level="INFO">${options} = &lt;selenium.webdriver.chrome.options.Options object at 0x0000026D06182F90&gt;</msg>
<var>${options}</var>
<arg>sys.modules['selenium.webdriver'].ChromeOptions()</arg>
<arg>sys, selenium.webdriver</arg>
<doc>Evaluates the given expression in Python and returns the result.</doc>
<status status="PASS" start="2025-05-20T19:32:30.649356" elapsed="0.000761"/>
</kw>
<kw name="Call Method" owner="BuiltIn">
<arg>${options}</arg>
<arg>add_argument</arg>
<arg>--incognito</arg>
<doc>Calls the named method of the given object with the provided arguments.</doc>
<status status="PASS" start="2025-05-20T19:32:30.650420" elapsed="0.000384"/>
</kw>
<kw name="Call Method" owner="BuiltIn">
<arg>${options}</arg>
<arg>add_argument</arg>
<arg>--disable-extensions</arg>
<doc>Calls the named method of the given object with the provided arguments.</doc>
<status status="PASS" start="2025-05-20T19:32:30.651126" elapsed="0.000486"/>
</kw>
<kw name="Call Method" owner="BuiltIn">
<arg>${options}</arg>
<arg>add_argument</arg>
<arg>--disable-notifications</arg>
<doc>Calls the named method of the given object with the provided arguments.</doc>
<status status="PASS" start="2025-05-20T19:32:30.651950" elapsed="0.000479"/>
</kw>
<kw name="Call Method" owner="BuiltIn">
<arg>${options}</arg>
<arg>add_argument</arg>
<arg>--disable-popup-blocking</arg>
<doc>Calls the named method of the given object with the provided arguments.</doc>
<status status="PASS" start="2025-05-20T19:32:30.652657" elapsed="0.000588"/>
</kw>
<kw name="Call Method" owner="BuiltIn">
<arg>${options}</arg>
<arg>add_argument</arg>
<arg>--start-maximized</arg>
<doc>Calls the named method of the given object with the provided arguments.</doc>
<status status="PASS" start="2025-05-20T19:32:30.653538" elapsed="0.000604"/>
</kw>
<kw name="Evaluate" owner="BuiltIn">
<msg time="2025-05-20T19:32:30.655225" level="INFO">${prefs} = {'credentials_enable_service': False, 'profile.password_manager_enabled': False}</msg>
<var>${prefs}</var>
<arg>{"credentials_enable_service": False, "profile.password_manager_enabled": False}</arg>
<doc>Evaluates the given expression in Python and returns the result.</doc>
<status status="PASS" start="2025-05-20T19:32:30.654539" elapsed="0.000775"/>
</kw>
<kw name="Call Method" owner="BuiltIn">
<arg>${options}</arg>
<arg>add_experimental_option</arg>
<arg>prefs</arg>
<arg>${prefs}</arg>
<doc>Calls the named method of the given object with the provided arguments.</doc>
<status status="PASS" start="2025-05-20T19:32:30.655615" elapsed="0.000486"/>
</kw>
<kw name="Open Browser" owner="SeleniumLibrary">
<msg time="2025-05-20T19:32:30.657076" level="INFO">Opening browser 'chrome' to base url 'https://www.saucedemo.com/'.</msg>
<arg>${url}</arg>
<arg>${browser}</arg>
<arg>options=${options}</arg>
<doc>Opens a new browser instance to the optional ``url``.</doc>
<status status="PASS" start="2025-05-20T19:32:30.656434" elapsed="3.982554"/>
</kw>
<kw name="Maximize Browser Window" owner="SeleniumLibrary">
<doc>Maximizes current browser window.</doc>
<status status="PASS" start="2025-05-20T19:32:34.639663" elapsed="0.006764"/>
</kw>
<kw name="Set Selenium Implicit Wait" owner="SeleniumLibrary">
<arg>5</arg>
<doc>Sets the implicit wait value used by Selenium.</doc>
<status status="PASS" start="2025-05-20T19:32:34.646748" elapsed="0.001961"/>
</kw>
<status status="PASS" start="2025-05-20T19:32:30.648314" elapsed="4.000642"/>
</kw>
<kw name="Login with Valid Credential" owner="LoginResources">
<kw name="fill the login form" owner="LoginResources">
<kw name="Input Text" owner="SeleniumLibrary">
<msg time="2025-05-20T19:32:34.651239" level="INFO">Typing text 'standard_user' into text field 'name=user-name'.</msg>
<arg>${un}</arg>
<arg>${Username}</arg>
<doc>Types the given ``text`` into the text field identified by ``locator``.</doc>
<status status="PASS" start="2025-05-20T19:32:34.650573" elapsed="0.230500"/>
</kw>
<kw name="Input Password" owner="SeleniumLibrary">
<msg time="2025-05-20T19:32:34.882776" level="INFO">Typing password into text field 'name=password'.</msg>
<msg time="2025-05-20T19:32:34.978040" level="INFO">Temporally setting log level to: NONE</msg>
<arg>${pw}</arg>
<arg>${Password}</arg>
<doc>Types the given password into the text field identified by ``locator``.</doc>
<status status="PASS" start="2025-05-20T19:32:34.881522" elapsed="0.184720"/>
</kw>
<kw name="Click Button" owner="SeleniumLibrary">
<msg time="2025-05-20T19:32:35.067444" level="INFO">Clicking button 'id=login-button'.</msg>
<arg>${loginbtn}</arg>
<doc>Clicks the button identified by ``locator``.</doc>
<status status="PASS" start="2025-05-20T19:32:35.066873" elapsed="0.192155"/>
</kw>
<kw name="Sleep" owner="BuiltIn">
<msg time="2025-05-20T19:32:40.260019" level="INFO">Slept 5 seconds.</msg>
<arg>5</arg>
<doc>Pauses the test executed for the given time.</doc>
<status status="PASS" start="2025-05-20T19:32:35.259348" elapsed="5.000992"/>
</kw>
<arg>${username}</arg>
<arg>${password}</arg>
<status status="PASS" start="2025-05-20T19:32:34.649956" elapsed="5.610586"/>
</kw>
<kw name="verify the dash board Page" owner="LoginResources">
<kw name="Element Text Should Be" owner="SeleniumLibrary">
<msg time="2025-05-20T19:32:40.261945" level="INFO">Verifying element 'xpath=//div[@class='app_logo']' contains exact text 'Swag Labs'.</msg>
<arg>${dashText}</arg>
<arg>Swag Labs</arg>
<doc>Verifies that element ``locator`` contains exact the text ``expected``.</doc>
<status status="PASS" start="2025-05-20T19:32:40.261612" elapsed="0.037886"/>
</kw>
<status status="PASS" start="2025-05-20T19:32:40.260893" elapsed="0.038881"/>
</kw>
<arg>standard_user</arg>
<arg>secret_sauce</arg>
<status status="PASS" start="2025-05-20T19:32:34.649282" elapsed="5.650690"/>
</kw>
<kw name="Add the Products to cart" owner="ChcekoutResources">
<kw name="Click Element" owner="SeleniumLibrary">
<msg time="2025-05-20T19:32:40.302016" level="INFO">Clicking element 'id=add-to-cart-sauce-labs-backpack'.</msg>
<arg>${backpack}</arg>
<doc>Click the element identified by ``locator``.</doc>
<status status="PASS" start="2025-05-20T19:32:40.301402" elapsed="0.128069"/>
</kw>
<kw name="Click Element" owner="SeleniumLibrary">
<msg time="2025-05-20T19:32:40.430455" level="INFO">Clicking element 'id=add-to-cart-sauce-labs-bolt-t-shirt'.</msg>
<arg>${tshirt}</arg>
<doc>Click the element identified by ``locator``.</doc>
<status status="PASS" start="2025-05-20T19:32:40.429842" elapsed="0.102096"/>
</kw>
<kw name="Click Element" owner="SeleniumLibrary">
<msg time="2025-05-20T19:32:40.532945" level="INFO">Clicking element 'id=add-to-cart-sauce-labs-bike-light'.</msg>
<arg>${bikelight}</arg>
<doc>Click the element identified by ``locator``.</doc>
<status status="PASS" start="2025-05-20T19:32:40.532291" elapsed="0.103648"/>
</kw>
<kw name="Click Element" owner="SeleniumLibrary">
<msg time="2025-05-20T19:32:40.636844" level="INFO">Clicking element 'class=shopping_cart_link'.</msg>
<arg>${cartlink}</arg>
<doc>Click the element identified by ``locator``.</doc>
<status status="PASS" start="2025-05-20T19:32:40.636229" elapsed="0.162148"/>
</kw>
<status status="PASS" start="2025-05-20T19:32:40.300437" elapsed="0.498252"/>
</kw>
<kw name="check out the products" owner="ChcekoutResources">
<kw name="Click Button" owner="SeleniumLibrary">
<msg time="2025-05-20T19:32:40.800837" level="INFO">Clicking button 'id=checkout'.</msg>
<arg>${checkout}</arg>
<doc>Clicks the button identified by ``locator``.</doc>
<status status="PASS" start="2025-05-20T19:32:40.799911" elapsed="0.258021"/>
</kw>
<status status="PASS" start="2025-05-20T19:32:40.799080" elapsed="0.259156"/>
</kw>
<kw name="Fill the checkout Details" owner="ChcekoutResources">
<kw name="Input Text" owner="SeleniumLibrary">
<msg time="2025-05-20T19:32:41.060885" level="INFO">Typing text 'Gayathri' into text field 'id=first-name'.</msg>
<arg>${fn}</arg>
<arg>${Firstname}</arg>
<doc>Types the given ``text`` into the text field identified by ``locator``.</doc>
<status status="PASS" start="2025-05-20T19:32:41.060124" elapsed="0.170168"/>
</kw>
<kw name="Input Text" owner="SeleniumLibrary">
<msg time="2025-05-20T19:32:41.231458" level="INFO">Typing text 'R' into text field 'id=last-name'.</msg>
<arg>${ln}</arg>
<arg>${Lastname}</arg>
<doc>Types the given ``text`` into the text field identified by ``locator``.</doc>
<status status="PASS" start="2025-05-20T19:32:41.230721" elapsed="0.164703"/>
</kw>
<kw name="Input Text" owner="SeleniumLibrary">
<msg time="2025-05-20T19:32:41.396713" level="INFO">Typing text '123456' into text field 'id=postal-code'.</msg>
<arg>${zc}</arg>
<arg>${Zipcode}</arg>
<doc>Types the given ``text`` into the text field identified by ``locator``.</doc>
<status status="PASS" start="2025-05-20T19:32:41.395918" elapsed="0.137371"/>
</kw>
<kw name="Click Button" owner="SeleniumLibrary">
<msg time="2025-05-20T19:32:41.534225" level="INFO">Clicking button 'id=continue'.</msg>
<arg>${continue}</arg>
<doc>Clicks the button identified by ``locator``.</doc>
<status status="PASS" start="2025-05-20T19:32:41.533568" elapsed="0.185570"/>
</kw>
<arg>${Firstname}</arg>
<arg>${Lastname}</arg>
<arg>${Zipcode}</arg>
<status status="PASS" start="2025-05-20T19:32:41.058764" elapsed="0.660688"/>
</kw>
<kw name="complete the Product checkout" owner="ChcekoutResources">
<kw name="Click Element" owner="SeleniumLibrary">
<msg time="2025-05-20T19:32:41.721839" level="INFO">Clicking element 'id=finish'.</msg>
<arg>${finish}</arg>
<doc>Click the element identified by ``locator``.</doc>
<status status="PASS" start="2025-05-20T19:32:41.720867" elapsed="0.166829"/>
</kw>
<status status="PASS" start="2025-05-20T19:32:41.719883" elapsed="0.168179"/>
</kw>
<kw name="Verify the success Message" owner="ChcekoutResources">
<kw name="Element Text Should Be" owner="SeleniumLibrary">
<msg time="2025-05-20T19:32:41.890278" level="INFO">Verifying element 'xpath=//h2[@class='complete-header']' contains exact text 'Thank you for your order!'.</msg>
<arg>${successmsg}</arg>
<arg>Thank you for your order!</arg>
<doc>Verifies that element ``locator`` contains exact the text ``expected``.</doc>
<status status="PASS" start="2025-05-20T19:32:41.889537" elapsed="0.038187"/>
</kw>
<status status="PASS" start="2025-05-20T19:32:41.888529" elapsed="0.039488"/>
</kw>
<arg>Firstname=Gayathri</arg>
<arg>Lastname=R</arg>
<arg>Zipcode=123456</arg>
<status status="PASS" start="2025-05-20T19:32:30.647412" elapsed="11.280791"/>
</kw>
<status status="PASS" start="2025-05-20T19:32:30.645327" elapsed="11.283239"/>
</test>
<status status="PASS" start="2025-05-20T19:32:30.159676" elapsed="11.770055"/>
</suite>
<status status="PASS" start="2025-05-20T19:32:30.136796" elapsed="11.794922"/>
</suite>
<statistics>
<total>
<stat pass="1" fail="0" skip="0">All Tests</stat>
</total>
<tag>
</tag>
<suite>
<stat name="TestCases" id="s1" pass="1" fail="0" skip="0">TestCases</stat>
<stat name="purchaseProductTest" id="s1-s1" pass="1" fail="0" skip="0">TestCases.purchaseProductTest</stat>
</suite>
</statistics>
<errors>
</errors>
</robot>
