<?xml version="1.0" encoding="UTF-8"?>
<robot generator="Robot 7.2.2 (Python 3.13.3 on win32)" generated="2025-05-19T14:09:42.932363" rpa="false" schemaversion="5">
<suite id="s1" name="POM Robot" source="D:\POM_Robot">
<suite id="s1-s1" name="TestCases" source="D:\POM_Robot\TestCases">
<suite id="s1-s1-s1" name="LoginPageTest" source="D:\POM_Robot\TestCases\LoginPageTest.robot">
<test id="s1-s1-s1-t1" name="validate successful login" line="22">
<kw name="open the browser with url" owner="GenericResources" type="SETUP">
<kw name="Open Browser" owner="SeleniumLibrary">
<msg time="2025-05-19T14:09:43.474953" level="INFO">Opening browser 'chrome' to base url 'https://opensource-demo.orangehrmlive.com/web/index.php/auth/login'.</msg>
<arg>${url}</arg>
<arg>${browser}</arg>
<doc>Opens a new browser instance to the optional ``url``.</doc>
<status status="PASS" start="2025-05-19T14:09:43.474527" elapsed="4.235237"/>
</kw>
<kw name="Maximize Browser Window" owner="SeleniumLibrary">
<doc>Maximizes current browser window.</doc>
<status status="PASS" start="2025-05-19T14:09:47.710251" elapsed="5.307497"/>
</kw>
<kw name="Set Selenium Implicit Wait" owner="SeleniumLibrary">
<arg>5</arg>
<doc>Sets the implicit wait value used by Selenium.</doc>
<status status="PASS" start="2025-05-19T14:09:53.018122" elapsed="0.003097"/>
</kw>
<status status="PASS" start="2025-05-19T14:09:43.473568" elapsed="9.547941"/>
</kw>
<kw name="fill the login form" owner="LoginResources">
<kw name="Input Text" owner="SeleniumLibrary">
<msg time="2025-05-19T14:09:53.025469" level="INFO">Typing text 'Admin' into text field 'xpath=//input[@name='username']'.</msg>
<arg>xpath=//input[@name='username']</arg>
<arg>${un}</arg>
<doc>Types the given ``text`` into the text field identified by ``locator``.</doc>
<status status="PASS" start="2025-05-19T14:09:53.023512" elapsed="1.083865"/>
</kw>
<kw name="Input Password" owner="SeleniumLibrary">
<msg time="2025-05-19T14:09:54.108786" level="INFO">Typing password into text field 'xpath=//input[@name='password']'.</msg>
<msg time="2025-05-19T14:09:54.181378" level="INFO">Temporally setting log level to: NONE</msg>
<arg>xpath=//input[@name='password']</arg>
<arg>${pw}</arg>
<doc>Types the given password into the text field identified by ``locator``.</doc>
<status status="PASS" start="2025-05-19T14:09:54.107826" elapsed="0.180436"/>
</kw>
<kw name="Click Button" owner="SeleniumLibrary">
<msg time="2025-05-19T14:09:54.289127" level="INFO">Clicking button 'xpath=//button[@class='oxd-button oxd-button--medium oxd-button--main orangehrm-login-button']'.</msg>
<arg>xpath=//button[@class='oxd-button oxd-button--medium oxd-button--main orangehrm-login-button']</arg>
<doc>Clicks the button identified by ``locator``.</doc>
<status status="PASS" start="2025-05-19T14:09:54.288561" elapsed="8.598673"/>
</kw>
<kw name="Sleep" owner="BuiltIn">
<msg time="2025-05-19T14:10:07.889286" level="INFO">Slept 5 seconds.</msg>
<arg>5</arg>
<doc>Pauses the test executed for the given time.</doc>
<status status="PASS" start="2025-05-19T14:10:02.887917" elapsed="5.001611"/>
</kw>
<arg>${valid_un}</arg>
<arg>${valid_pw}</arg>
<status status="PASS" start="2025-05-19T14:09:53.022077" elapsed="14.867733"/>
</kw>
<kw name="Sleep" owner="BuiltIn">
<msg time="2025-05-19T14:10:12.890952" level="INFO">Slept 5 seconds.</msg>
<arg>5</arg>
<doc>Pauses the test executed for the given time.</doc>
<status status="PASS" start="2025-05-19T14:10:07.890154" elapsed="5.001181"/>
</kw>
<kw name="verify dashboard page opens" owner="DashboardResources">
<kw name="Element Text Should Be" owner="SeleniumLibrary">
<msg time="2025-05-19T14:10:12.893999" level="INFO">Verifying element 'xpath=//h6' contains exact text 'Dashboard'.</msg>
<arg>${dash_title}</arg>
<arg>Dashboard</arg>
<doc>Verifies that element ``locator`` contains exact the text ``expected``.</doc>
<status status="PASS" start="2025-05-19T14:10:12.892769" elapsed="0.035509"/>
</kw>
<status status="PASS" start="2025-05-19T14:10:12.891939" elapsed="0.036438"/>
</kw>
<kw name="close the browser session" owner="GenericResources" type="TEARDOWN">
<kw name="Close Browser" owner="SeleniumLibrary">
<doc>Closes the current browser.</doc>
<status status="PASS" start="2025-05-19T14:10:12.929436" elapsed="2.252008"/>
</kw>
<status status="PASS" start="2025-05-19T14:10:12.928786" elapsed="2.253003"/>
</kw>
<status status="PASS" start="2025-05-19T14:09:43.472481" elapsed="31.709451"/>
</test>
<status status="PASS" start="2025-05-19T14:09:43.004840" elapsed="32.190398"/>
</suite>
<status status="PASS" start="2025-05-19T14:09:43.002685" elapsed="32.193825"/>
</suite>
<status status="PASS" start="2025-05-19T14:09:42.973415" elapsed="32.224374"/>
</suite>
<statistics>
<total>
<stat pass="1" fail="0" skip="0">All Tests</stat>
</total>
<tag>
</tag>
<suite>
<stat name="POM Robot" id="s1" pass="1" fail="0" skip="0">POM Robot</stat>
<stat name="TestCases" id="s1-s1" pass="1" fail="0" skip="0">POM Robot.TestCases</stat>
<stat name="LoginPageTest" id="s1-s1-s1" pass="1" fail="0" skip="0">POM Robot.TestCases.LoginPageTest</stat>
</suite>
</statistics>
<errors>
</errors>
</robot>
