<?xml version="1.0" encoding="UTF-8"?>
<robot generator="Robot 7.2.2 (Python 3.13.3 on win32)" generated="2025-05-19T14:09:42.936349" rpa="false" schemaversion="5">
<suite id="s1" name="POM Robot" source="D:\POM_Robot">
<suite id="s1-s1" name="TestCases" source="D:\POM_Robot\TestCases">
<suite id="s1-s1-s1" name="LoginPageTest" source="D:\POM_Robot\TestCases\LoginPageTest.robot">
<test id="s1-s1-s1-t1" name="validate unsucessful login for black password" line="18">
<kw name="open the browser with url" owner="GenericResources" type="SETUP">
<kw name="Open Browser" owner="SeleniumLibrary">
<msg time="2025-05-19T14:09:43.498041" level="INFO">Opening browser 'chrome' to base url 'https://opensource-demo.orangehrmlive.com/web/index.php/auth/login'.</msg>
<arg>${url}</arg>
<arg>${browser}</arg>
<doc>Opens a new browser instance to the optional ``url``.</doc>
<status status="PASS" start="2025-05-19T14:09:43.497322" elapsed="10.571588"/>
</kw>
<kw name="Maximize Browser Window" owner="SeleniumLibrary">
<doc>Maximizes current browser window.</doc>
<status status="PASS" start="2025-05-19T14:09:54.069359" elapsed="0.062039"/>
</kw>
<kw name="Set Selenium Implicit Wait" owner="SeleniumLibrary">
<arg>5</arg>
<doc>Sets the implicit wait value used by Selenium.</doc>
<status status="PASS" start="2025-05-19T14:09:54.131724" elapsed="0.002232"/>
</kw>
<status status="PASS" start="2025-05-19T14:09:43.495650" elapsed="10.638575"/>
</kw>
<kw name="fill the login form" owner="LoginResources">
<kw name="Input Text" owner="SeleniumLibrary">
<msg time="2025-05-19T14:09:54.136303" level="INFO">Typing text 'Admin' into text field 'xpath=//input[@name='username']'.</msg>
<arg>xpath=//input[@name='username']</arg>
<arg>${un}</arg>
<doc>Types the given ``text`` into the text field identified by ``locator``.</doc>
<status status="PASS" start="2025-05-19T14:09:54.135494" elapsed="1.633273"/>
</kw>
<kw name="Input Password" owner="SeleniumLibrary">
<msg time="2025-05-19T14:09:55.770134" level="INFO">Typing password into text field 'xpath=//input[@name='password']'.</msg>
<msg time="2025-05-19T14:09:55.866675" level="INFO">Temporally setting log level to: NONE</msg>
<arg>xpath=//input[@name='password']</arg>
<arg>${pw}</arg>
<doc>Types the given password into the text field identified by ``locator``.</doc>
<status status="PASS" start="2025-05-19T14:09:55.769293" elapsed="0.193651"/>
</kw>
<kw name="Click Button" owner="SeleniumLibrary">
<msg time="2025-05-19T14:09:55.963998" level="INFO">Clicking button 'xpath=//button[@class='oxd-button oxd-button--medium oxd-button--main orangehrm-login-button']'.</msg>
<arg>xpath=//button[@class='oxd-button oxd-button--medium oxd-button--main orangehrm-login-button']</arg>
<doc>Clicks the button identified by ``locator``.</doc>
<status status="PASS" start="2025-05-19T14:09:55.963400" elapsed="0.209410"/>
</kw>
<kw name="Sleep" owner="BuiltIn">
<msg time="2025-05-19T14:10:01.175229" level="INFO">Slept 5 seconds.</msg>
<arg>5</arg>
<doc>Pauses the test executed for the given time.</doc>
<status status="PASS" start="2025-05-19T14:09:56.173756" elapsed="5.001839"/>
</kw>
<arg>${valid_un}</arg>
<arg>${blank_pw}</arg>
<status status="PASS" start="2025-05-19T14:09:54.134717" elapsed="7.041285"/>
</kw>
<kw name="verify the error message is displayed for password" owner="LoginResources">
<kw name="Element Text Should Be" owner="SeleniumLibrary">
<msg time="2025-05-19T14:10:01.178643" level="INFO">Verifying element 'xpath=//div[@class='oxd-input-group oxd-input-field-bottom-space']/span' contains exact text 'Required'.</msg>
<arg>${missing-password}</arg>
<arg>Required</arg>
<doc>Verifies that element ``locator`` contains exact the text ``expected``.</doc>
<status status="PASS" start="2025-05-19T14:10:01.177824" elapsed="0.074962"/>
</kw>
<status status="PASS" start="2025-05-19T14:10:01.176717" elapsed="0.076514"/>
</kw>
<kw name="close the browser session" owner="GenericResources" type="TEARDOWN">
<kw name="Close Browser" owner="SeleniumLibrary">
<doc>Closes the current browser.</doc>
<status status="PASS" start="2025-05-19T14:10:01.255772" elapsed="2.230975"/>
</kw>
<status status="PASS" start="2025-05-19T14:10:01.254377" elapsed="2.232755"/>
</kw>
<status status="PASS" start="2025-05-19T14:09:43.494076" elapsed="19.993313"/>
</test>
<status status="PASS" start="2025-05-19T14:09:43.002739" elapsed="20.486631"/>
</suite>
<status status="PASS" start="2025-05-19T14:09:43.000938" elapsed="20.490277"/>
</suite>
<status status="PASS" start="2025-05-19T14:09:42.979620" elapsed="20.513000"/>
</suite>
<statistics>
<total>
<stat pass="1" fail="0" skip="0">All Tests</stat>
</total>
<tag>
</tag>
<suite>
<stat name="POM Robot" id="s1" pass="1" fail="0" skip="0">POM Robot</stat>
<stat name="TestCases" id="s1-s1" pass="1" fail="0" skip="0">POM Robot.TestCases</stat>
<stat name="LoginPageTest" id="s1-s1-s1" pass="1" fail="0" skip="0">POM Robot.TestCases.LoginPageTest</stat>
</suite>
</statistics>
<errors>
</errors>
</robot>
