<?xml version="1.0" encoding="UTF-8"?>
<robot generator="Rebot 7.2.2 (Python 3.13.3 on win32)" generated="2025-05-20T19:23:02.392142" rpa="false" schemaversion="5">
<suite id="s1" name="SauceDemo Practice" source="D:\RobotFramework-2\SauceDemo_Practice">
<suite id="s1-s1" name="TestCases" source="D:\RobotFramework-2\SauceDemo_Practice\TestCases">
<suite id="s1-s1-s1" name="CheckoutTest" source="D:\RobotFramework-2\SauceDemo_Practice\TestCases\CheckoutTest.robot">
<test id="s1-s1-s1-t1" name="Valid credentials" line="16">
<kw name="verify total">
<kw name="Open the browser with url" owner="GenericResources">
<kw name="Evaluate" owner="BuiltIn">
<msg time="2025-05-20T19:23:00.804758" level="INFO">${options} = &lt;selenium.webdriver.chrome.options.Options object at 0x0000029AD619B230&gt;</msg>
<var>${options}</var>
<arg>sys.modules['selenium.webdriver'].ChromeOptions()</arg>
<arg>sys, selenium.webdriver</arg>
<doc>Evaluates the given expression in Python and returns the result.</doc>
<status status="PASS" start="2025-05-20T19:23:00.804069" elapsed="0.000783"/>
</kw>
<kw name="Call Method" owner="BuiltIn">
<arg>${options}</arg>
<arg>add_argument</arg>
<arg>--incognito</arg>
<doc>Calls the named method of the given object with the provided arguments.</doc>
<status status="PASS" start="2025-05-20T19:23:00.805176" elapsed="0.000430"/>
</kw>
<kw name="Call Method" owner="BuiltIn">
<arg>${options}</arg>
<arg>add_argument</arg>
<arg>--disable-extensions</arg>
<doc>Calls the named method of the given object with the provided arguments.</doc>
<status status="PASS" start="2025-05-20T19:23:00.805845" elapsed="0.000358"/>
</kw>
<kw name="Call Method" owner="BuiltIn">
<arg>${options}</arg>
<arg>add_argument</arg>
<arg>--disable-notifications</arg>
<doc>Calls the named method of the given object with the provided arguments.</doc>
<status status="PASS" start="2025-05-20T19:23:00.806424" elapsed="0.000331"/>
</kw>
<kw name="Call Method" owner="BuiltIn">
<arg>${options}</arg>
<arg>add_argument</arg>
<arg>--disable-popup-blocking</arg>
<doc>Calls the named method of the given object with the provided arguments.</doc>
<status status="PASS" start="2025-05-20T19:23:00.806954" elapsed="0.000298"/>
</kw>
<kw name="Call Method" owner="BuiltIn">
<arg>${options}</arg>
<arg>add_argument</arg>
<arg>--start-maximized</arg>
<doc>Calls the named method of the given object with the provided arguments.</doc>
<status status="PASS" start="2025-05-20T19:23:00.807460" elapsed="0.000277"/>
</kw>
<kw name="Evaluate" owner="BuiltIn">
<msg time="2025-05-20T19:23:00.808349" level="INFO">${prefs} = {'credentials_enable_service': False, 'profile.password_manager_enabled': False}</msg>
<var>${prefs}</var>
<arg>{"credentials_enable_service": False, "profile.password_manager_enabled": False}</arg>
<doc>Evaluates the given expression in Python and returns the result.</doc>
<status status="PASS" start="2025-05-20T19:23:00.807939" elapsed="0.000472"/>
</kw>
<kw name="Call Method" owner="BuiltIn">
<arg>${options}</arg>
<arg>add_experimental_option</arg>
<arg>prefs</arg>
<arg>${prefs}</arg>
<doc>Calls the named method of the given object with the provided arguments.</doc>
<status status="PASS" start="2025-05-20T19:23:00.808606" elapsed="0.000430"/>
</kw>
<kw name="Create Webdriver" owner="SeleniumLibrary">
<msg time="2025-05-20T19:23:00.809796" level="INFO">Creating an instance of the chrome WebDriver.</msg>
<msg time="2025-05-20T19:23:00.809886" level="INFO">Cannot capture screenshot because no browser is open.</msg>
<msg time="2025-05-20T19:23:00.810068" level="FAIL">TypeError: 'module' object is not callable</msg>
<arg>${browser}</arg>
<arg>options=${options}</arg>
<doc>Creates an instance of Selenium WebDriver.</doc>
<status status="FAIL" start="2025-05-20T19:23:00.809295" elapsed="0.004011">TypeError: 'module' object is not callable</status>
</kw>
<kw name="Go To" owner="SeleniumLibrary">
<arg>${url}</arg>
<doc>Navigates the current browser window to the provided ``url``.</doc>
<status status="NOT RUN" start="2025-05-20T19:23:00.813903" elapsed="0.000193"/>
</kw>
<kw name="Maximize Browser Window" owner="SeleniumLibrary">
<doc>Maximizes current browser window.</doc>
<status status="NOT RUN" start="2025-05-20T19:23:00.814315" elapsed="0.000153"/>
</kw>
<kw name="Set Selenium Implicit Wait" owner="SeleniumLibrary">
<arg>5</arg>
<doc>Sets the implicit wait value used by Selenium.</doc>
<status status="NOT RUN" start="2025-05-20T19:23:00.814652" elapsed="0.000121"/>
</kw>
<status status="FAIL" start="2025-05-20T19:23:00.802737" elapsed="0.012283">TypeError: 'module' object is not callable</status>
</kw>
<kw name="Login with Valid Credential" owner="LoginResources">
<arg>standard_user</arg>
<arg>secret_sauce</arg>
<status status="NOT RUN" start="2025-05-20T19:23:00.815351" elapsed="0.000135"/>
</kw>
<kw name="Add the Products to cart" owner="ChcekoutResources">
<status status="NOT RUN" start="2025-05-20T19:23:00.815758" elapsed="0.000143"/>
</kw>
<kw name="check out the products" owner="ChcekoutResources">
<status status="NOT RUN" start="2025-05-20T19:23:00.816102" elapsed="0.000122"/>
</kw>
<kw name="Fill the checkout Details" owner="ChcekoutResources">
<arg>${Firstname}</arg>
<arg>${Lastname}</arg>
<arg>${Zipcode}</arg>
<status status="NOT RUN" start="2025-05-20T19:23:00.816442" elapsed="0.000265"/>
</kw>
<kw name="Verify the total of the products is correct" owner="ChcekoutResources">
<status status="NOT RUN" start="2025-05-20T19:23:00.817118" elapsed="0.000157"/>
</kw>
<kw name="close the broswer session" owner="GenericResources">
<status status="NOT RUN" start="2025-05-20T19:23:00.817501" elapsed="0.000131"/>
</kw>
<arg>Firstname=Gayathri</arg>
<arg>Lastname=R</arg>
<arg>Zipcode=123456</arg>
<status status="FAIL" start="2025-05-20T19:23:00.801729" elapsed="0.016139">TypeError: 'module' object is not callable</status>
</kw>
<status status="FAIL" start="2025-05-20T19:23:00.800006" elapsed="0.018225">TypeError: 'module' object is not callable</status>
</test>
<status status="FAIL" start="2025-05-20T19:23:00.256000" elapsed="0.018000"/>
</suite>
<suite id="s1-s1-s2" name="LogoutTest" source="D:\RobotFramework-2\SauceDemo_Practice\TestCases\LogoutTest.robot">
<test id="s1-s1-s2-t1" name="Verify the logout feature" line="7">
<kw name="Open the browser with url" owner="GenericResources">
<kw name="Evaluate" owner="BuiltIn">
<msg time="2025-05-20T19:23:00.763937" level="INFO">${options} = &lt;selenium.webdriver.chrome.options.Options object at 0x000001EE574EDA90&gt;</msg>
<var>${options}</var>
<arg>sys.modules['selenium.webdriver'].ChromeOptions()</arg>
<arg>sys, selenium.webdriver</arg>
<doc>Evaluates the given expression in Python and returns the result.</doc>
<status status="PASS" start="2025-05-20T19:23:00.763355" elapsed="0.000645"/>
</kw>
<kw name="Call Method" owner="BuiltIn">
<arg>${options}</arg>
<arg>add_argument</arg>
<arg>--incognito</arg>
<doc>Calls the named method of the given object with the provided arguments.</doc>
<status status="PASS" start="2025-05-20T19:23:00.764215" elapsed="0.000394"/>
</kw>
<kw name="Call Method" owner="BuiltIn">
<arg>${options}</arg>
<arg>add_argument</arg>
<arg>--disable-extensions</arg>
<doc>Calls the named method of the given object with the provided arguments.</doc>
<status status="PASS" start="2025-05-20T19:23:00.764767" elapsed="0.000215"/>
</kw>
<kw name="Call Method" owner="BuiltIn">
<arg>${options}</arg>
<arg>add_argument</arg>
<arg>--disable-notifications</arg>
<doc>Calls the named method of the given object with the provided arguments.</doc>
<status status="PASS" start="2025-05-20T19:23:00.765098" elapsed="0.000193"/>
</kw>
<kw name="Call Method" owner="BuiltIn">
<arg>${options}</arg>
<arg>add_argument</arg>
<arg>--disable-popup-blocking</arg>
<doc>Calls the named method of the given object with the provided arguments.</doc>
<status status="PASS" start="2025-05-20T19:23:00.765403" elapsed="0.000192"/>
</kw>
<kw name="Call Method" owner="BuiltIn">
<arg>${options}</arg>
<arg>add_argument</arg>
<arg>--start-maximized</arg>
<doc>Calls the named method of the given object with the provided arguments.</doc>
<status status="PASS" start="2025-05-20T19:23:00.765703" elapsed="0.000175"/>
</kw>
<kw name="Evaluate" owner="BuiltIn">
<msg time="2025-05-20T19:23:00.766445" level="INFO">${prefs} = {'credentials_enable_service': False, 'profile.password_manager_enabled': False}</msg>
<var>${prefs}</var>
<arg>{"credentials_enable_service": False, "profile.password_manager_enabled": False}</arg>
<doc>Evaluates the given expression in Python and returns the result.</doc>
<status status="PASS" start="2025-05-20T19:23:00.766095" elapsed="0.000385"/>
</kw>
<kw name="Call Method" owner="BuiltIn">
<arg>${options}</arg>
<arg>add_experimental_option</arg>
<arg>prefs</arg>
<arg>${prefs}</arg>
<doc>Calls the named method of the given object with the provided arguments.</doc>
<status status="PASS" start="2025-05-20T19:23:00.766584" elapsed="0.000169"/>
</kw>
<kw name="Create Webdriver" owner="SeleniumLibrary">
<msg time="2025-05-20T19:23:00.767116" level="INFO">Creating an instance of the chrome WebDriver.</msg>
<msg time="2025-05-20T19:23:00.767166" level="INFO">Cannot capture screenshot because no browser is open.</msg>
<msg time="2025-05-20T19:23:00.767270" level="FAIL">TypeError: 'module' object is not callable</msg>
<arg>${browser}</arg>
<arg>options=${options}</arg>
<doc>Creates an instance of Selenium WebDriver.</doc>
<status status="FAIL" start="2025-05-20T19:23:00.766888" elapsed="0.030494">TypeError: 'module' object is not callable</status>
</kw>
<kw name="Go To" owner="SeleniumLibrary">
<arg>${url}</arg>
<doc>Navigates the current browser window to the provided ``url``.</doc>
<status status="NOT RUN" start="2025-05-20T19:23:00.797891" elapsed="0.000156"/>
</kw>
<kw name="Maximize Browser Window" owner="SeleniumLibrary">
<doc>Maximizes current browser window.</doc>
<status status="NOT RUN" start="2025-05-20T19:23:00.798245" elapsed="0.000115"/>
</kw>
<kw name="Set Selenium Implicit Wait" owner="SeleniumLibrary">
<arg>5</arg>
<doc>Sets the implicit wait value used by Selenium.</doc>
<status status="NOT RUN" start="2025-05-20T19:23:00.798525" elapsed="0.000105"/>
</kw>
<status status="FAIL" start="2025-05-20T19:23:00.762374" elapsed="0.036472">TypeError: 'module' object is not callable</status>
</kw>
<kw name="fill the login form" owner="LoginResources">
<arg>standard_user</arg>
<arg>secret_sauce</arg>
<status status="NOT RUN" start="2025-05-20T19:23:00.799160" elapsed="0.000131"/>
</kw>
<kw name="verify the dash board Page" owner="LoginResources">
<status status="NOT RUN" start="2025-05-20T19:23:00.799492" elapsed="0.000125"/>
</kw>
<kw name="click Logout Button and verify the logout" owner="LoginResources">
<status status="NOT RUN" start="2025-05-20T19:23:00.799808" elapsed="0.000108"/>
</kw>
<kw name="close the broswer session" owner="GenericResources">
<status status="NOT RUN" start="2025-05-20T19:23:00.800085" elapsed="0.000115"/>
</kw>
<status status="FAIL" start="2025-05-20T19:23:00.761413" elapsed="0.039073">TypeError: 'module' object is not callable</status>
</test>
<status status="FAIL" start="2025-05-20T19:23:00.273687" elapsed="0.527747"/>
</suite>
<suite id="s1-s1-s3" name="SauceDemoLogin" source="D:\RobotFramework-2\SauceDemo_Practice\TestCases\SauceDemoLogin.robot">
<test id="s1-s1-s3-t1" name="Verify Login Feature" line="13">
<kw name="Validate Successful and UnSuccessful Login">
<kw name="Open the browser with url" owner="GenericResources">
<kw name="Evaluate" owner="BuiltIn">
<msg time="2025-05-20T19:23:01.900285" level="INFO">${options} = &lt;selenium.webdriver.chrome.options.Options object at 0x0000021F5D3670E0&gt;</msg>
<var>${options}</var>
<arg>sys.modules['selenium.webdriver'].ChromeOptions()</arg>
<arg>sys, selenium.webdriver</arg>
<doc>Evaluates the given expression in Python and returns the result.</doc>
<status status="PASS" start="2025-05-20T19:23:01.899994" elapsed="0.000330"/>
</kw>
<kw name="Call Method" owner="BuiltIn">
<arg>${options}</arg>
<arg>add_argument</arg>
<arg>--incognito</arg>
<doc>Calls the named method of the given object with the provided arguments.</doc>
<status status="PASS" start="2025-05-20T19:23:01.900446" elapsed="0.000153"/>
</kw>
<kw name="Call Method" owner="BuiltIn">
<arg>${options}</arg>
<arg>add_argument</arg>
<arg>--disable-extensions</arg>
<doc>Calls the named method of the given object with the provided arguments.</doc>
<status status="PASS" start="2025-05-20T19:23:01.900706" elapsed="0.000124"/>
</kw>
<kw name="Call Method" owner="BuiltIn">
<arg>${options}</arg>
<arg>add_argument</arg>
<arg>--disable-notifications</arg>
<doc>Calls the named method of the given object with the provided arguments.</doc>
<status status="PASS" start="2025-05-20T19:23:01.900909" elapsed="0.000106"/>
</kw>
<kw name="Call Method" owner="BuiltIn">
<arg>${options}</arg>
<arg>add_argument</arg>
<arg>--disable-popup-blocking</arg>
<doc>Calls the named method of the given object with the provided arguments.</doc>
<status status="PASS" start="2025-05-20T19:23:01.901086" elapsed="0.000111"/>
</kw>
<kw name="Call Method" owner="BuiltIn">
<arg>${options}</arg>
<arg>add_argument</arg>
<arg>--start-maximized</arg>
<doc>Calls the named method of the given object with the provided arguments.</doc>
<status status="PASS" start="2025-05-20T19:23:01.901269" elapsed="0.000102"/>
</kw>
<kw name="Evaluate" owner="BuiltIn">
<msg time="2025-05-20T19:23:01.901976" level="INFO">${prefs} = {'credentials_enable_service': False, 'profile.password_manager_enabled': False}</msg>
<var>${prefs}</var>
<arg>{"credentials_enable_service": False, "profile.password_manager_enabled": False}</arg>
<doc>Evaluates the given expression in Python and returns the result.</doc>
<status status="PASS" start="2025-05-20T19:23:01.901447" elapsed="0.000558"/>
</kw>
<kw name="Call Method" owner="BuiltIn">
<arg>${options}</arg>
<arg>add_experimental_option</arg>
<arg>prefs</arg>
<arg>${prefs}</arg>
<doc>Calls the named method of the given object with the provided arguments.</doc>
<status status="PASS" start="2025-05-20T19:23:01.902094" elapsed="0.000150"/>
</kw>
<kw name="Create Webdriver" owner="SeleniumLibrary">
<msg time="2025-05-20T19:23:01.902519" level="INFO">Creating an instance of the chrome WebDriver.</msg>
<msg time="2025-05-20T19:23:01.902557" level="INFO">Cannot capture screenshot because no browser is open.</msg>
<msg time="2025-05-20T19:23:01.902650" level="FAIL">TypeError: 'module' object is not callable</msg>
<arg>${browser}</arg>
<arg>options=${options}</arg>
<doc>Creates an instance of Selenium WebDriver.</doc>
<status status="FAIL" start="2025-05-20T19:23:01.902341" elapsed="0.001503">TypeError: 'module' object is not callable</status>
</kw>
<kw name="Go To" owner="SeleniumLibrary">
<arg>${url}</arg>
<doc>Navigates the current browser window to the provided ``url``.</doc>
<status status="NOT RUN" start="2025-05-20T19:23:01.904062" elapsed="0.000067"/>
</kw>
<kw name="Maximize Browser Window" owner="SeleniumLibrary">
<doc>Maximizes current browser window.</doc>
<status status="NOT RUN" start="2025-05-20T19:23:01.904209" elapsed="0.000043"/>
</kw>
<kw name="Set Selenium Implicit Wait" owner="SeleniumLibrary">
<arg>5</arg>
<doc>Sets the implicit wait value used by Selenium.</doc>
<status status="NOT RUN" start="2025-05-20T19:23:01.904324" elapsed="0.000039"/>
</kw>
<status status="FAIL" start="2025-05-20T19:23:01.899495" elapsed="0.004976">TypeError: 'module' object is not callable</status>
</kw>
<kw name="fill the login form" owner="LoginResources">
<arg>${Username}</arg>
<arg>${Password}</arg>
<status status="NOT RUN" start="2025-05-20T19:23:01.904584" elapsed="0.000054"/>
</kw>
<if>
<branch type="IF" condition="'${Username}'=='locked_out_user'">
<kw name="verify locked out error" owner="LoginResources">
<status status="NOT RUN" start="2025-05-20T19:23:01.904837" elapsed="0.000038"/>
</kw>
<status status="NOT RUN" start="2025-05-20T19:23:01.904722" elapsed="0.000182"/>
</branch>
<branch type="ELSE IF" condition="'${Username}'=='abc'">
<kw name="verify invalid username and password" owner="LoginResources">
<status status="NOT RUN" start="2025-05-20T19:23:01.905051" elapsed="0.000040"/>
</kw>
<status status="NOT RUN" start="2025-05-20T19:23:01.904952" elapsed="0.000168"/>
</branch>
<branch type="ELSE IF" condition="'${Username}'==''">
<kw name="verify username required error" owner="LoginResources">
<status status="NOT RUN" start="2025-05-20T19:23:01.905232" elapsed="0.000034"/>
</kw>
<status status="NOT RUN" start="2025-05-20T19:23:01.905149" elapsed="0.000143"/>
</branch>
<branch type="ELSE IF" condition="'${Password}'==''">
<kw name="verify password required error" owner="LoginResources">
<status status="NOT RUN" start="2025-05-20T19:23:01.905398" elapsed="0.000035"/>
</kw>
<status status="NOT RUN" start="2025-05-20T19:23:01.905318" elapsed="0.000150"/>
</branch>
<branch type="ELSE">
<kw name="verify the dash board Page" owner="LoginResources">
<status status="NOT RUN" start="2025-05-20T19:23:01.905583" elapsed="0.000039"/>
</kw>
<status status="NOT RUN" start="2025-05-20T19:23:01.905495" elapsed="0.000154"/>
</branch>
<status status="NOT RUN" start="2025-05-20T19:23:01.904698" elapsed="0.001232"/>
</if>
<kw name="close the broswer session" owner="GenericResources">
<status status="NOT RUN" start="2025-05-20T19:23:01.906093" elapsed="0.000068"/>
</kw>
<arg>Username=standard_user</arg>
<arg>Password=secret_sauce</arg>
<status status="FAIL" start="2025-05-20T19:23:01.899051" elapsed="0.007193">TypeError: 'module' object is not callable</status>
</kw>
<status status="FAIL" start="2025-05-20T19:23:01.897952" elapsed="0.008430">TypeError: 'module' object is not callable</status>
</test>
<test id="s1-s1-s3-t2" name="Verify Login Feature" line="13">
<kw name="Validate Successful and UnSuccessful Login">
<kw name="Open the browser with url" owner="GenericResources">
<kw name="Evaluate" owner="BuiltIn">
<msg time="2025-05-20T19:23:01.908669" level="INFO">${options} = &lt;selenium.webdriver.chrome.options.Options object at 0x0000021F5D2F6490&gt;</msg>
<var>${options}</var>
<arg>sys.modules['selenium.webdriver'].ChromeOptions()</arg>
<arg>sys, selenium.webdriver</arg>
<doc>Evaluates the given expression in Python and returns the result.</doc>
<status status="PASS" start="2025-05-20T19:23:01.908336" elapsed="0.000377"/>
</kw>
<kw name="Call Method" owner="BuiltIn">
<arg>${options}</arg>
<arg>add_argument</arg>
<arg>--incognito</arg>
<doc>Calls the named method of the given object with the provided arguments.</doc>
<status status="PASS" start="2025-05-20T19:23:01.908869" elapsed="0.000220"/>
</kw>
<kw name="Call Method" owner="BuiltIn">
<arg>${options}</arg>
<arg>add_argument</arg>
<arg>--disable-extensions</arg>
<doc>Calls the named method of the given object with the provided arguments.</doc>
<status status="PASS" start="2025-05-20T19:23:01.909201" elapsed="0.000186"/>
</kw>
<kw name="Call Method" owner="BuiltIn">
<arg>${options}</arg>
<arg>add_argument</arg>
<arg>--disable-notifications</arg>
<doc>Calls the named method of the given object with the provided arguments.</doc>
<status status="PASS" start="2025-05-20T19:23:01.909616" elapsed="0.000153"/>
</kw>
<kw name="Call Method" owner="BuiltIn">
<arg>${options}</arg>
<arg>add_argument</arg>
<arg>--disable-popup-blocking</arg>
<doc>Calls the named method of the given object with the provided arguments.</doc>
<status status="PASS" start="2025-05-20T19:23:01.909897" elapsed="0.000249"/>
</kw>
<kw name="Call Method" owner="BuiltIn">
<arg>${options}</arg>
<arg>add_argument</arg>
<arg>--start-maximized</arg>
<doc>Calls the named method of the given object with the provided arguments.</doc>
<status status="PASS" start="2025-05-20T19:23:01.910277" elapsed="0.000173"/>
</kw>
<kw name="Evaluate" owner="BuiltIn">
<msg time="2025-05-20T19:23:01.910691" level="INFO">${prefs} = {'credentials_enable_service': False, 'profile.password_manager_enabled': False}</msg>
<var>${prefs}</var>
<arg>{"credentials_enable_service": False, "profile.password_manager_enabled": False}</arg>
<doc>Evaluates the given expression in Python and returns the result.</doc>
<status status="PASS" start="2025-05-20T19:23:01.910551" elapsed="0.000175"/>
</kw>
<kw name="Call Method" owner="BuiltIn">
<arg>${options}</arg>
<arg>add_experimental_option</arg>
<arg>prefs</arg>
<arg>${prefs}</arg>
<doc>Calls the named method of the given object with the provided arguments.</doc>
<status status="PASS" start="2025-05-20T19:23:01.910801" elapsed="0.000181"/>
</kw>
<kw name="Create Webdriver" owner="SeleniumLibrary">
<msg time="2025-05-20T19:23:01.911225" level="INFO">Creating an instance of the chrome WebDriver.</msg>
<msg time="2025-05-20T19:23:01.911272" level="INFO">Cannot capture screenshot because no browser is open.</msg>
<msg time="2025-05-20T19:23:01.911336" level="FAIL">TypeError: 'module' object is not callable</msg>
<arg>${browser}</arg>
<arg>options=${options}</arg>
<doc>Creates an instance of Selenium WebDriver.</doc>
<status status="FAIL" start="2025-05-20T19:23:01.911068" elapsed="0.000748">TypeError: 'module' object is not callable</status>
</kw>
<kw name="Go To" owner="SeleniumLibrary">
<arg>${url}</arg>
<doc>Navigates the current browser window to the provided ``url``.</doc>
<status status="NOT RUN" start="2025-05-20T19:23:01.912000" elapsed="0.000051"/>
</kw>
<kw name="Maximize Browser Window" owner="SeleniumLibrary">
<doc>Maximizes current browser window.</doc>
<status status="NOT RUN" start="2025-05-20T19:23:01.912122" elapsed="0.000037"/>
</kw>
<kw name="Set Selenium Implicit Wait" owner="SeleniumLibrary">
<arg>5</arg>
<doc>Sets the implicit wait value used by Selenium.</doc>
<status status="NOT RUN" start="2025-05-20T19:23:01.912221" elapsed="0.000031"/>
</kw>
<status status="FAIL" start="2025-05-20T19:23:01.908076" elapsed="0.004263">TypeError: 'module' object is not callable</status>
</kw>
<kw name="fill the login form" owner="LoginResources">
<arg>${Username}</arg>
<arg>${Password}</arg>
<status status="NOT RUN" start="2025-05-20T19:23:01.912446" elapsed="0.000052"/>
</kw>
<if>
<branch type="IF" condition="'${Username}'=='locked_out_user'">
<kw name="verify locked out error" owner="LoginResources">
<status status="NOT RUN" start="2025-05-20T19:23:01.912673" elapsed="0.000036"/>
</kw>
<status status="NOT RUN" start="2025-05-20T19:23:01.912569" elapsed="0.000168"/>
</branch>
<branch type="ELSE IF" condition="'${Username}'=='abc'">
<kw name="verify invalid username and password" owner="LoginResources">
<status status="NOT RUN" start="2025-05-20T19:23:01.912868" elapsed="0.000040"/>
</kw>
<status status="NOT RUN" start="2025-05-20T19:23:01.912768" elapsed="0.000167"/>
</branch>
<branch type="ELSE IF" condition="'${Username}'==''">
<kw name="verify username required error" owner="LoginResources">
<status status="NOT RUN" start="2025-05-20T19:23:01.913048" elapsed="0.000033"/>
</kw>
<status status="NOT RUN" start="2025-05-20T19:23:01.912963" elapsed="0.000143"/>
</branch>
<branch type="ELSE IF" condition="'${Password}'==''">
<kw name="verify password required error" owner="LoginResources">
<status status="NOT RUN" start="2025-05-20T19:23:01.913211" elapsed="0.000035"/>
</kw>
<status status="NOT RUN" start="2025-05-20T19:23:01.913131" elapsed="0.000142"/>
</branch>
<branch type="ELSE">
<kw name="verify the dash board Page" owner="LoginResources">
<status status="NOT RUN" start="2025-05-20T19:23:01.913386" elapsed="0.000035"/>
</kw>
<status status="NOT RUN" start="2025-05-20T19:23:01.913298" elapsed="0.000150"/>
</branch>
<status status="NOT RUN" start="2025-05-20T19:23:01.912551" elapsed="0.000923"/>
</if>
<kw name="close the broswer session" owner="GenericResources">
<status status="NOT RUN" start="2025-05-20T19:23:01.913534" elapsed="0.000034"/>
</kw>
<arg>Username=performance_glitch_user</arg>
<arg>Password=secret_sauce</arg>
<status status="FAIL" start="2025-05-20T19:23:01.907715" elapsed="0.005919">TypeError: 'module' object is not callable</status>
</kw>
<status status="FAIL" start="2025-05-20T19:23:01.906740" elapsed="0.007020">TypeError: 'module' object is not callable</status>
</test>
<test id="s1-s1-s3-t3" name="Verify Login Feature" line="13">
<kw name="Validate Successful and UnSuccessful Login">
<kw name="Open the browser with url" owner="GenericResources">
<kw name="Evaluate" owner="BuiltIn">
<msg time="2025-05-20T19:23:01.915403" level="INFO">${options} = &lt;selenium.webdriver.chrome.options.Options object at 0x0000021F5D2F6350&gt;</msg>
<var>${options}</var>
<arg>sys.modules['selenium.webdriver'].ChromeOptions()</arg>
<arg>sys, selenium.webdriver</arg>
<doc>Evaluates the given expression in Python and returns the result.</doc>
<status status="PASS" start="2025-05-20T19:23:01.915203" elapsed="0.000226"/>
</kw>
<kw name="Call Method" owner="BuiltIn">
<arg>${options}</arg>
<arg>add_argument</arg>
<arg>--incognito</arg>
<doc>Calls the named method of the given object with the provided arguments.</doc>
<status status="PASS" start="2025-05-20T19:23:01.915509" elapsed="0.000116"/>
</kw>
<kw name="Call Method" owner="BuiltIn">
<arg>${options}</arg>
<arg>add_argument</arg>
<arg>--disable-extensions</arg>
<doc>Calls the named method of the given object with the provided arguments.</doc>
<status status="PASS" start="2025-05-20T19:23:01.915699" elapsed="0.000102"/>
</kw>
<kw name="Call Method" owner="BuiltIn">
<arg>${options}</arg>
<arg>add_argument</arg>
<arg>--disable-notifications</arg>
<doc>Calls the named method of the given object with the provided arguments.</doc>
<status status="PASS" start="2025-05-20T19:23:01.915884" elapsed="0.000096"/>
</kw>
<kw name="Call Method" owner="BuiltIn">
<arg>${options}</arg>
<arg>add_argument</arg>
<arg>--disable-popup-blocking</arg>
<doc>Calls the named method of the given object with the provided arguments.</doc>
<status status="PASS" start="2025-05-20T19:23:01.916047" elapsed="0.000093"/>
</kw>
<kw name="Call Method" owner="BuiltIn">
<arg>${options}</arg>
<arg>add_argument</arg>
<arg>--start-maximized</arg>
<doc>Calls the named method of the given object with the provided arguments.</doc>
<status status="PASS" start="2025-05-20T19:23:01.916204" elapsed="0.000088"/>
</kw>
<kw name="Evaluate" owner="BuiltIn">
<msg time="2025-05-20T19:23:01.916510" level="INFO">${prefs} = {'credentials_enable_service': False, 'profile.password_manager_enabled': False}</msg>
<var>${prefs}</var>
<arg>{"credentials_enable_service": False, "profile.password_manager_enabled": False}</arg>
<doc>Evaluates the given expression in Python and returns the result.</doc>
<status status="PASS" start="2025-05-20T19:23:01.916370" elapsed="0.000164"/>
</kw>
<kw name="Call Method" owner="BuiltIn">
<arg>${options}</arg>
<arg>add_experimental_option</arg>
<arg>prefs</arg>
<arg>${prefs}</arg>
<doc>Calls the named method of the given object with the provided arguments.</doc>
<status status="PASS" start="2025-05-20T19:23:01.916605" elapsed="0.000112"/>
</kw>
<kw name="Create Webdriver" owner="SeleniumLibrary">
<msg time="2025-05-20T19:23:01.917026" level="INFO">Creating an instance of the chrome WebDriver.</msg>
<msg time="2025-05-20T19:23:01.917058" level="INFO">Cannot capture screenshot because no browser is open.</msg>
<msg time="2025-05-20T19:23:01.917112" level="FAIL">TypeError: 'module' object is not callable</msg>
<arg>${browser}</arg>
<arg>options=${options}</arg>
<doc>Creates an instance of Selenium WebDriver.</doc>
<status status="FAIL" start="2025-05-20T19:23:01.916869" elapsed="0.000660">TypeError: 'module' object is not callable</status>
</kw>
<kw name="Go To" owner="SeleniumLibrary">
<arg>${url}</arg>
<doc>Navigates the current browser window to the provided ``url``.</doc>
<status status="NOT RUN" start="2025-05-20T19:23:01.917703" elapsed="0.000049"/>
</kw>
<kw name="Maximize Browser Window" owner="SeleniumLibrary">
<doc>Maximizes current browser window.</doc>
<status status="NOT RUN" start="2025-05-20T19:23:01.917830" elapsed="0.000035"/>
</kw>
<kw name="Set Selenium Implicit Wait" owner="SeleniumLibrary">
<arg>5</arg>
<doc>Sets the implicit wait value used by Selenium.</doc>
<status status="NOT RUN" start="2025-05-20T19:23:01.917940" elapsed="0.000035"/>
</kw>
<status status="FAIL" start="2025-05-20T19:23:01.915022" elapsed="0.003026">TypeError: 'module' object is not callable</status>
</kw>
<kw name="fill the login form" owner="LoginResources">
<arg>${Username}</arg>
<arg>${Password}</arg>
<status status="NOT RUN" start="2025-05-20T19:23:01.918145" elapsed="0.000042"/>
</kw>
<if>
<branch type="IF" condition="'${Username}'=='locked_out_user'">
<kw name="verify locked out error" owner="LoginResources">
<status status="NOT RUN" start="2025-05-20T19:23:01.918348" elapsed="0.000036"/>
</kw>
<status status="NOT RUN" start="2025-05-20T19:23:01.918250" elapsed="0.000171"/>
</branch>
<branch type="ELSE IF" condition="'${Username}'=='abc'">
<kw name="verify invalid username and password" owner="LoginResources">
<status status="NOT RUN" start="2025-05-20T19:23:01.918541" elapsed="0.000037"/>
</kw>
<status status="NOT RUN" start="2025-05-20T19:23:01.918453" elapsed="0.000151"/>
</branch>
<branch type="ELSE IF" condition="'${Username}'==''">
<kw name="verify username required error" owner="LoginResources">
<status status="NOT RUN" start="2025-05-20T19:23:01.918707" elapsed="0.000032"/>
</kw>
<status status="NOT RUN" start="2025-05-20T19:23:01.918630" elapsed="0.000136"/>
</branch>
<branch type="ELSE IF" condition="'${Password}'==''">
<kw name="verify password required error" owner="LoginResources">
<status status="NOT RUN" start="2025-05-20T19:23:01.918868" elapsed="0.000032"/>
</kw>
<status status="NOT RUN" start="2025-05-20T19:23:01.918792" elapsed="0.000141"/>
</branch>
<branch type="ELSE">
<kw name="verify the dash board Page" owner="LoginResources">
<status status="NOT RUN" start="2025-05-20T19:23:01.919036" elapsed="0.000033"/>
</kw>
<status status="NOT RUN" start="2025-05-20T19:23:01.918959" elapsed="0.000135"/>
</branch>
<status status="NOT RUN" start="2025-05-20T19:23:01.918234" elapsed="0.000883"/>
</if>
<kw name="close the broswer session" owner="GenericResources">
<status status="NOT RUN" start="2025-05-20T19:23:01.919175" elapsed="0.000033"/>
</kw>
<arg>Username=problem_user</arg>
<arg>Password=secret_sauce</arg>
<status status="FAIL" start="2025-05-20T19:23:01.914758" elapsed="0.004511">TypeError: 'module' object is not callable</status>
</kw>
<status status="FAIL" start="2025-05-20T19:23:01.913961" elapsed="0.005415">TypeError: 'module' object is not callable</status>
</test>
<test id="s1-s1-s3-t4" name="Verify Login Feature" line="13">
<kw name="Validate Successful and UnSuccessful Login">
<kw name="Open the browser with url" owner="GenericResources">
<kw name="Evaluate" owner="BuiltIn">
<msg time="2025-05-20T19:23:01.921232" level="INFO">${options} = &lt;selenium.webdriver.chrome.options.Options object at 0x0000021F5D31EB10&gt;</msg>
<var>${options}</var>
<arg>sys.modules['selenium.webdriver'].ChromeOptions()</arg>
<arg>sys, selenium.webdriver</arg>
<doc>Evaluates the given expression in Python and returns the result.</doc>
<status status="PASS" start="2025-05-20T19:23:01.920948" elapsed="0.000313"/>
</kw>
<kw name="Call Method" owner="BuiltIn">
<arg>${options}</arg>
<arg>add_argument</arg>
<arg>--incognito</arg>
<doc>Calls the named method of the given object with the provided arguments.</doc>
<status status="PASS" start="2025-05-20T19:23:01.921356" elapsed="0.000128"/>
</kw>
<kw name="Call Method" owner="BuiltIn">
<arg>${options}</arg>
<arg>add_argument</arg>
<arg>--disable-extensions</arg>
<doc>Calls the named method of the given object with the provided arguments.</doc>
<status status="PASS" start="2025-05-20T19:23:01.921566" elapsed="0.000119"/>
</kw>
<kw name="Call Method" owner="BuiltIn">
<arg>${options}</arg>
<arg>add_argument</arg>
<arg>--disable-notifications</arg>
<doc>Calls the named method of the given object with the provided arguments.</doc>
<status status="PASS" start="2025-05-20T19:23:01.921757" elapsed="0.000107"/>
</kw>
<kw name="Call Method" owner="BuiltIn">
<arg>${options}</arg>
<arg>add_argument</arg>
<arg>--disable-popup-blocking</arg>
<doc>Calls the named method of the given object with the provided arguments.</doc>
<status status="PASS" start="2025-05-20T19:23:01.921937" elapsed="0.000105"/>
</kw>
<kw name="Call Method" owner="BuiltIn">
<arg>${options}</arg>
<arg>add_argument</arg>
<arg>--start-maximized</arg>
<doc>Calls the named method of the given object with the provided arguments.</doc>
<status status="PASS" start="2025-05-20T19:23:01.922111" elapsed="0.000096"/>
</kw>
<kw name="Evaluate" owner="BuiltIn">
<msg time="2025-05-20T19:23:01.922416" level="INFO">${prefs} = {'credentials_enable_service': False, 'profile.password_manager_enabled': False}</msg>
<var>${prefs}</var>
<arg>{"credentials_enable_service": False, "profile.password_manager_enabled": False}</arg>
<doc>Evaluates the given expression in Python and returns the result.</doc>
<status status="PASS" start="2025-05-20T19:23:01.922281" elapsed="0.000158"/>
</kw>
<kw name="Call Method" owner="BuiltIn">
<arg>${options}</arg>
<arg>add_experimental_option</arg>
<arg>prefs</arg>
<arg>${prefs}</arg>
<doc>Calls the named method of the given object with the provided arguments.</doc>
<status status="PASS" start="2025-05-20T19:23:01.922506" elapsed="0.000112"/>
</kw>
<kw name="Create Webdriver" owner="SeleniumLibrary">
<msg time="2025-05-20T19:23:01.922829" level="INFO">Creating an instance of the chrome WebDriver.</msg>
<msg time="2025-05-20T19:23:01.922862" level="INFO">Cannot capture screenshot because no browser is open.</msg>
<msg time="2025-05-20T19:23:01.922920" level="FAIL">TypeError: 'module' object is not callable</msg>
<arg>${browser}</arg>
<arg>options=${options}</arg>
<doc>Creates an instance of Selenium WebDriver.</doc>
<status status="FAIL" start="2025-05-20T19:23:01.922695" elapsed="0.000654">TypeError: 'module' object is not callable</status>
</kw>
<kw name="Go To" owner="SeleniumLibrary">
<arg>${url}</arg>
<doc>Navigates the current browser window to the provided ``url``.</doc>
<status status="NOT RUN" start="2025-05-20T19:23:01.923519" elapsed="0.000051"/>
</kw>
<kw name="Maximize Browser Window" owner="SeleniumLibrary">
<doc>Maximizes current browser window.</doc>
<status status="NOT RUN" start="2025-05-20T19:23:01.923642" elapsed="0.000037"/>
</kw>
<kw name="Set Selenium Implicit Wait" owner="SeleniumLibrary">
<arg>5</arg>
<doc>Sets the implicit wait value used by Selenium.</doc>
<status status="NOT RUN" start="2025-05-20T19:23:01.923745" elapsed="0.000052"/>
</kw>
<status status="FAIL" start="2025-05-20T19:23:01.920717" elapsed="0.003160">TypeError: 'module' object is not callable</status>
</kw>
<kw name="fill the login form" owner="LoginResources">
<arg>${Username}</arg>
<arg>${Password}</arg>
<status status="NOT RUN" start="2025-05-20T19:23:01.923977" elapsed="0.000046"/>
</kw>
<if>
<branch type="IF" condition="'${Username}'=='locked_out_user'">
<kw name="verify locked out error" owner="LoginResources">
<status status="NOT RUN" start="2025-05-20T19:23:01.924286" elapsed="0.000104"/>
</kw>
<status status="NOT RUN" start="2025-05-20T19:23:01.924083" elapsed="0.000362"/>
</branch>
<branch type="ELSE IF" condition="'${Username}'=='abc'">
<kw name="verify invalid username and password" owner="LoginResources">
<status status="NOT RUN" start="2025-05-20T19:23:01.924675" elapsed="0.000067"/>
</kw>
<status status="NOT RUN" start="2025-05-20T19:23:01.924507" elapsed="0.000286"/>
</branch>
<branch type="ELSE IF" condition="'${Username}'==''">
<kw name="verify username required error" owner="LoginResources">
<status status="NOT RUN" start="2025-05-20T19:23:01.925150" elapsed="0.000104"/>
</kw>
<status status="NOT RUN" start="2025-05-20T19:23:01.924868" elapsed="0.000430"/>
</branch>
<branch type="ELSE IF" condition="'${Password}'==''">
<kw name="verify password required error" owner="LoginResources">
<status status="NOT RUN" start="2025-05-20T19:23:01.925479" elapsed="0.000051"/>
</kw>
<status status="NOT RUN" start="2025-05-20T19:23:01.925339" elapsed="0.000312"/>
</branch>
<branch type="ELSE">
<kw name="verify the dash board Page" owner="LoginResources">
<status status="NOT RUN" start="2025-05-20T19:23:01.925990" elapsed="0.000058"/>
</kw>
<status status="NOT RUN" start="2025-05-20T19:23:01.925767" elapsed="0.000316"/>
</branch>
<status status="NOT RUN" start="2025-05-20T19:23:01.924068" elapsed="0.002045"/>
</if>
<kw name="close the broswer session" owner="GenericResources">
<status status="NOT RUN" start="2025-05-20T19:23:01.926191" elapsed="0.000043"/>
</kw>
<arg>Username=visual_user</arg>
<arg>Password=secret_sauce</arg>
<status status="FAIL" start="2025-05-20T19:23:01.920465" elapsed="0.005897">TypeError: 'module' object is not callable</status>
</kw>
<status status="FAIL" start="2025-05-20T19:23:01.919566" elapsed="0.007010">TypeError: 'module' object is not callable</status>
</test>
<test id="s1-s1-s3-t5" name="Verify Login Feature" line="13">
<kw name="Validate Successful and UnSuccessful Login">
<kw name="Open the browser with url" owner="GenericResources">
<kw name="Evaluate" owner="BuiltIn">
<msg time="2025-05-20T19:23:01.928675" level="INFO">${options} = &lt;selenium.webdriver.chrome.options.Options object at 0x0000021F5D31ED70&gt;</msg>
<var>${options}</var>
<arg>sys.modules['selenium.webdriver'].ChromeOptions()</arg>
<arg>sys, selenium.webdriver</arg>
<doc>Evaluates the given expression in Python and returns the result.</doc>
<status status="PASS" start="2025-05-20T19:23:01.928438" elapsed="0.000265"/>
</kw>
<kw name="Call Method" owner="BuiltIn">
<arg>${options}</arg>
<arg>add_argument</arg>
<arg>--incognito</arg>
<doc>Calls the named method of the given object with the provided arguments.</doc>
<status status="PASS" start="2025-05-20T19:23:01.928797" elapsed="0.000129"/>
</kw>
<kw name="Call Method" owner="BuiltIn">
<arg>${options}</arg>
<arg>add_argument</arg>
<arg>--disable-extensions</arg>
<doc>Calls the named method of the given object with the provided arguments.</doc>
<status status="PASS" start="2025-05-20T19:23:01.929005" elapsed="0.000116"/>
</kw>
<kw name="Call Method" owner="BuiltIn">
<arg>${options}</arg>
<arg>add_argument</arg>
<arg>--disable-notifications</arg>
<doc>Calls the named method of the given object with the provided arguments.</doc>
<status status="PASS" start="2025-05-20T19:23:01.929198" elapsed="0.000102"/>
</kw>
<kw name="Call Method" owner="BuiltIn">
<arg>${options}</arg>
<arg>add_argument</arg>
<arg>--disable-popup-blocking</arg>
<doc>Calls the named method of the given object with the provided arguments.</doc>
<status status="PASS" start="2025-05-20T19:23:01.929371" elapsed="0.000096"/>
</kw>
<kw name="Call Method" owner="BuiltIn">
<arg>${options}</arg>
<arg>add_argument</arg>
<arg>--start-maximized</arg>
<doc>Calls the named method of the given object with the provided arguments.</doc>
<status status="PASS" start="2025-05-20T19:23:01.929538" elapsed="0.000095"/>
</kw>
<kw name="Evaluate" owner="BuiltIn">
<msg time="2025-05-20T19:23:01.929835" level="INFO">${prefs} = {'credentials_enable_service': False, 'profile.password_manager_enabled': False}</msg>
<var>${prefs}</var>
<arg>{"credentials_enable_service": False, "profile.password_manager_enabled": False}</arg>
<doc>Evaluates the given expression in Python and returns the result.</doc>
<status status="PASS" start="2025-05-20T19:23:01.929703" elapsed="0.000156"/>
</kw>
<kw name="Call Method" owner="BuiltIn">
<arg>${options}</arg>
<arg>add_experimental_option</arg>
<arg>prefs</arg>
<arg>${prefs}</arg>
<doc>Calls the named method of the given object with the provided arguments.</doc>
<status status="PASS" start="2025-05-20T19:23:01.929932" elapsed="0.000121"/>
</kw>
<kw name="Create Webdriver" owner="SeleniumLibrary">
<msg time="2025-05-20T19:23:01.930275" level="INFO">Creating an instance of the chrome WebDriver.</msg>
<msg time="2025-05-20T19:23:01.930304" level="INFO">Cannot capture screenshot because no browser is open.</msg>
<msg time="2025-05-20T19:23:01.930368" level="FAIL">TypeError: 'module' object is not callable</msg>
<arg>${browser}</arg>
<arg>options=${options}</arg>
<doc>Creates an instance of Selenium WebDriver.</doc>
<status status="FAIL" start="2025-05-20T19:23:01.930136" elapsed="0.000668">TypeError: 'module' object is not callable</status>
</kw>
<kw name="Go To" owner="SeleniumLibrary">
<arg>${url}</arg>
<doc>Navigates the current browser window to the provided ``url``.</doc>
<status status="NOT RUN" start="2025-05-20T19:23:01.930990" elapsed="0.000053"/>
</kw>
<kw name="Maximize Browser Window" owner="SeleniumLibrary">
<doc>Maximizes current browser window.</doc>
<status status="NOT RUN" start="2025-05-20T19:23:01.931113" elapsed="0.000036"/>
</kw>
<kw name="Set Selenium Implicit Wait" owner="SeleniumLibrary">
<arg>5</arg>
<doc>Sets the implicit wait value used by Selenium.</doc>
<status status="NOT RUN" start="2025-05-20T19:23:01.931210" elapsed="0.000033"/>
</kw>
<status status="FAIL" start="2025-05-20T19:23:01.927861" elapsed="0.003450">TypeError: 'module' object is not callable</status>
</kw>
<kw name="fill the login form" owner="LoginResources">
<arg>${Username}</arg>
<arg>${Password}</arg>
<status status="NOT RUN" start="2025-05-20T19:23:01.931416" elapsed="0.000050"/>
</kw>
<if>
<branch type="IF" condition="'${Username}'=='locked_out_user'">
<kw name="verify locked out error" owner="LoginResources">
<status status="NOT RUN" start="2025-05-20T19:23:01.931635" elapsed="0.000037"/>
</kw>
<status status="NOT RUN" start="2025-05-20T19:23:01.931535" elapsed="0.000164"/>
</branch>
<branch type="ELSE IF" condition="'${Username}'=='abc'">
<kw name="verify invalid username and password" owner="LoginResources">
<status status="NOT RUN" start="2025-05-20T19:23:01.931808" elapsed="0.000034"/>
</kw>
<status status="NOT RUN" start="2025-05-20T19:23:01.931726" elapsed="0.000140"/>
</branch>
<branch type="ELSE IF" condition="'${Username}'==''">
<kw name="verify username required error" owner="LoginResources">
<status status="NOT RUN" start="2025-05-20T19:23:01.931977" elapsed="0.000035"/>
</kw>
<status status="NOT RUN" start="2025-05-20T19:23:01.931891" elapsed="0.000147"/>
</branch>
<branch type="ELSE IF" condition="'${Password}'==''">
<kw name="verify password required error" owner="LoginResources">
<status status="NOT RUN" start="2025-05-20T19:23:01.932133" elapsed="0.000032"/>
</kw>
<status status="NOT RUN" start="2025-05-20T19:23:01.932062" elapsed="0.000128"/>
</branch>
<branch type="ELSE">
<kw name="verify the dash board Page" owner="LoginResources">
<status status="NOT RUN" start="2025-05-20T19:23:01.932285" elapsed="0.000034"/>
</kw>
<status status="NOT RUN" start="2025-05-20T19:23:01.932212" elapsed="0.000132"/>
</branch>
<status status="NOT RUN" start="2025-05-20T19:23:01.931515" elapsed="0.000852"/>
</if>
<kw name="close the broswer session" owner="GenericResources">
<status status="NOT RUN" start="2025-05-20T19:23:01.932424" elapsed="0.000043"/>
</kw>
<arg>Username=locked_out_user</arg>
<arg>Password=secret_sauce</arg>
<status status="FAIL" start="2025-05-20T19:23:01.927554" elapsed="0.005057">TypeError: 'module' object is not callable</status>
</kw>
<status status="FAIL" start="2025-05-20T19:23:01.926786" elapsed="0.005942">TypeError: 'module' object is not callable</status>
</test>
<test id="s1-s1-s3-t6" name="Verify Login Feature" line="13">
<kw name="Validate Successful and UnSuccessful Login">
<kw name="Open the browser with url" owner="GenericResources">
<kw name="Evaluate" owner="BuiltIn">
<msg time="2025-05-20T19:23:01.934256" level="INFO">${options} = &lt;selenium.webdriver.chrome.options.Options object at 0x0000021F5D3A15B0&gt;</msg>
<var>${options}</var>
<arg>sys.modules['selenium.webdriver'].ChromeOptions()</arg>
<arg>sys, selenium.webdriver</arg>
<doc>Evaluates the given expression in Python and returns the result.</doc>
<status status="PASS" start="2025-05-20T19:23:01.934079" elapsed="0.000202"/>
</kw>
<kw name="Call Method" owner="BuiltIn">
<arg>${options}</arg>
<arg>add_argument</arg>
<arg>--incognito</arg>
<doc>Calls the named method of the given object with the provided arguments.</doc>
<status status="PASS" start="2025-05-20T19:23:01.934361" elapsed="0.000121"/>
</kw>
<kw name="Call Method" owner="BuiltIn">
<arg>${options}</arg>
<arg>add_argument</arg>
<arg>--disable-extensions</arg>
<doc>Calls the named method of the given object with the provided arguments.</doc>
<status status="PASS" start="2025-05-20T19:23:01.934563" elapsed="0.000112"/>
</kw>
<kw name="Call Method" owner="BuiltIn">
<arg>${options}</arg>
<arg>add_argument</arg>
<arg>--disable-notifications</arg>
<doc>Calls the named method of the given object with the provided arguments.</doc>
<status status="PASS" start="2025-05-20T19:23:01.934746" elapsed="0.000095"/>
</kw>
<kw name="Call Method" owner="BuiltIn">
<arg>${options}</arg>
<arg>add_argument</arg>
<arg>--disable-popup-blocking</arg>
<doc>Calls the named method of the given object with the provided arguments.</doc>
<status status="PASS" start="2025-05-20T19:23:01.934908" elapsed="0.000102"/>
</kw>
<kw name="Call Method" owner="BuiltIn">
<arg>${options}</arg>
<arg>add_argument</arg>
<arg>--start-maximized</arg>
<doc>Calls the named method of the given object with the provided arguments.</doc>
<status status="PASS" start="2025-05-20T19:23:01.935074" elapsed="0.000088"/>
</kw>
<kw name="Evaluate" owner="BuiltIn">
<msg time="2025-05-20T19:23:01.935356" level="INFO">${prefs} = {'credentials_enable_service': False, 'profile.password_manager_enabled': False}</msg>
<var>${prefs}</var>
<arg>{"credentials_enable_service": False, "profile.password_manager_enabled": False}</arg>
<doc>Evaluates the given expression in Python and returns the result.</doc>
<status status="PASS" start="2025-05-20T19:23:01.935229" elapsed="0.000151"/>
</kw>
<kw name="Call Method" owner="BuiltIn">
<arg>${options}</arg>
<arg>add_experimental_option</arg>
<arg>prefs</arg>
<arg>${prefs}</arg>
<doc>Calls the named method of the given object with the provided arguments.</doc>
<status status="PASS" start="2025-05-20T19:23:01.935466" elapsed="0.000123"/>
</kw>
<kw name="Create Webdriver" owner="SeleniumLibrary">
<msg time="2025-05-20T19:23:01.935799" level="INFO">Creating an instance of the chrome WebDriver.</msg>
<msg time="2025-05-20T19:23:01.935827" level="INFO">Cannot capture screenshot because no browser is open.</msg>
<msg time="2025-05-20T19:23:01.935874" level="FAIL">TypeError: 'module' object is not callable</msg>
<arg>${browser}</arg>
<arg>options=${options}</arg>
<doc>Creates an instance of Selenium WebDriver.</doc>
<status status="FAIL" start="2025-05-20T19:23:01.935668" elapsed="0.000739">TypeError: 'module' object is not callable</status>
</kw>
<kw name="Go To" owner="SeleniumLibrary">
<arg>${url}</arg>
<doc>Navigates the current browser window to the provided ``url``.</doc>
<status status="NOT RUN" start="2025-05-20T19:23:01.936798" elapsed="0.000137"/>
</kw>
<kw name="Maximize Browser Window" owner="SeleniumLibrary">
<doc>Maximizes current browser window.</doc>
<status status="NOT RUN" start="2025-05-20T19:23:01.937093" elapsed="0.000080"/>
</kw>
<kw name="Set Selenium Implicit Wait" owner="SeleniumLibrary">
<arg>5</arg>
<doc>Sets the implicit wait value used by Selenium.</doc>
<status status="NOT RUN" start="2025-05-20T19:23:01.937297" elapsed="0.000072"/>
</kw>
<status status="FAIL" start="2025-05-20T19:23:01.933897" elapsed="0.003590">TypeError: 'module' object is not callable</status>
</kw>
<kw name="fill the login form" owner="LoginResources">
<arg>${Username}</arg>
<arg>${Password}</arg>
<status status="NOT RUN" start="2025-05-20T19:23:01.937641" elapsed="0.000079"/>
</kw>
<if>
<branch type="IF" condition="'${Username}'=='locked_out_user'">
<kw name="verify locked out error" owner="LoginResources">
<status status="NOT RUN" start="2025-05-20T19:23:01.937987" elapsed="0.000068"/>
</kw>
<status status="NOT RUN" start="2025-05-20T19:23:01.937823" elapsed="0.000280"/>
</branch>
<branch type="ELSE IF" condition="'${Username}'=='abc'">
<kw name="verify invalid username and password" owner="LoginResources">
<status status="NOT RUN" start="2025-05-20T19:23:01.938295" elapsed="0.000070"/>
</kw>
<status status="NOT RUN" start="2025-05-20T19:23:01.938148" elapsed="0.000262"/>
</branch>
<branch type="ELSE IF" condition="'${Username}'==''">
<kw name="verify username required error" owner="LoginResources">
<status status="NOT RUN" start="2025-05-20T19:23:01.938600" elapsed="0.000067"/>
</kw>
<status status="NOT RUN" start="2025-05-20T19:23:01.938453" elapsed="0.000265"/>
</branch>
<branch type="ELSE IF" condition="'${Password}'==''">
<kw name="verify password required error" owner="LoginResources">
<status status="NOT RUN" start="2025-05-20T19:23:01.938902" elapsed="0.000061"/>
</kw>
<status status="NOT RUN" start="2025-05-20T19:23:01.938762" elapsed="0.000247"/>
</branch>
<branch type="ELSE">
<kw name="verify the dash board Page" owner="LoginResources">
<status status="NOT RUN" start="2025-05-20T19:23:01.939189" elapsed="0.000061"/>
</kw>
<status status="NOT RUN" start="2025-05-20T19:23:01.939051" elapsed="0.000247"/>
</branch>
<status status="NOT RUN" start="2025-05-20T19:23:01.937801" elapsed="0.001537"/>
</if>
<kw name="close the broswer session" owner="GenericResources">
<status status="NOT RUN" start="2025-05-20T19:23:01.939443" elapsed="0.000074"/>
</kw>
<arg>Username=</arg>
<arg>Password=secret_sauce</arg>
<status status="FAIL" start="2025-05-20T19:23:01.933649" elapsed="0.005972">TypeError: 'module' object is not callable</status>
</kw>
<status status="FAIL" start="2025-05-20T19:23:01.932880" elapsed="0.006902">TypeError: 'module' object is not callable</status>
</test>
<test id="s1-s1-s3-t7" name="Verify Login Feature" line="13">
<kw name="Validate Successful and UnSuccessful Login">
<kw name="Open the browser with url" owner="GenericResources">
<kw name="Evaluate" owner="BuiltIn">
<msg time="2025-05-20T19:23:01.942405" level="INFO">${options} = &lt;selenium.webdriver.chrome.options.Options object at 0x0000021F5D362140&gt;</msg>
<var>${options}</var>
<arg>sys.modules['selenium.webdriver'].ChromeOptions()</arg>
<arg>sys, selenium.webdriver</arg>
<doc>Evaluates the given expression in Python and returns the result.</doc>
<status status="PASS" start="2025-05-20T19:23:01.942165" elapsed="0.000267"/>
</kw>
<kw name="Call Method" owner="BuiltIn">
<arg>${options}</arg>
<arg>add_argument</arg>
<arg>--incognito</arg>
<doc>Calls the named method of the given object with the provided arguments.</doc>
<status status="PASS" start="2025-05-20T19:23:01.942521" elapsed="0.000157"/>
</kw>
<kw name="Call Method" owner="BuiltIn">
<arg>${options}</arg>
<arg>add_argument</arg>
<arg>--disable-extensions</arg>
<doc>Calls the named method of the given object with the provided arguments.</doc>
<status status="PASS" start="2025-05-20T19:23:01.942778" elapsed="0.000132"/>
</kw>
<kw name="Call Method" owner="BuiltIn">
<arg>${options}</arg>
<arg>add_argument</arg>
<arg>--disable-notifications</arg>
<doc>Calls the named method of the given object with the provided arguments.</doc>
<status status="PASS" start="2025-05-20T19:23:01.942990" elapsed="0.000101"/>
</kw>
<kw name="Call Method" owner="BuiltIn">
<arg>${options}</arg>
<arg>add_argument</arg>
<arg>--disable-popup-blocking</arg>
<doc>Calls the named method of the given object with the provided arguments.</doc>
<status status="PASS" start="2025-05-20T19:23:01.943221" elapsed="0.000215"/>
</kw>
<kw name="Call Method" owner="BuiltIn">
<arg>${options}</arg>
<arg>add_argument</arg>
<arg>--start-maximized</arg>
<doc>Calls the named method of the given object with the provided arguments.</doc>
<status status="PASS" start="2025-05-20T19:23:01.943613" elapsed="0.000227"/>
</kw>
<kw name="Evaluate" owner="BuiltIn">
<msg time="2025-05-20T19:23:01.944272" level="INFO">${prefs} = {'credentials_enable_service': False, 'profile.password_manager_enabled': False}</msg>
<var>${prefs}</var>
<arg>{"credentials_enable_service": False, "profile.password_manager_enabled": False}</arg>
<doc>Evaluates the given expression in Python and returns the result.</doc>
<status status="PASS" start="2025-05-20T19:23:01.944010" elapsed="0.000298"/>
</kw>
<kw name="Call Method" owner="BuiltIn">
<arg>${options}</arg>
<arg>add_experimental_option</arg>
<arg>prefs</arg>
<arg>${prefs}</arg>
<doc>Calls the named method of the given object with the provided arguments.</doc>
<status status="PASS" start="2025-05-20T19:23:01.944438" elapsed="0.000199"/>
</kw>
<kw name="Create Webdriver" owner="SeleniumLibrary">
<msg time="2025-05-20T19:23:01.945019" level="INFO">Creating an instance of the chrome WebDriver.</msg>
<msg time="2025-05-20T19:23:01.945065" level="INFO">Cannot capture screenshot because no browser is open.</msg>
<msg time="2025-05-20T19:23:01.945141" level="FAIL">TypeError: 'module' object is not callable</msg>
<arg>${browser}</arg>
<arg>options=${options}</arg>
<doc>Creates an instance of Selenium WebDriver.</doc>
<status status="FAIL" start="2025-05-20T19:23:01.944776" elapsed="0.000998">TypeError: 'module' object is not callable</status>
</kw>
<kw name="Go To" owner="SeleniumLibrary">
<arg>${url}</arg>
<doc>Navigates the current browser window to the provided ``url``.</doc>
<status status="NOT RUN" start="2025-05-20T19:23:01.946042" elapsed="0.000081"/>
</kw>
<kw name="Maximize Browser Window" owner="SeleniumLibrary">
<doc>Maximizes current browser window.</doc>
<status status="NOT RUN" start="2025-05-20T19:23:01.946243" elapsed="0.000066"/>
</kw>
<kw name="Set Selenium Implicit Wait" owner="SeleniumLibrary">
<arg>5</arg>
<doc>Sets the implicit wait value used by Selenium.</doc>
<status status="NOT RUN" start="2025-05-20T19:23:01.946416" elapsed="0.000063"/>
</kw>
<status status="FAIL" start="2025-05-20T19:23:01.941895" elapsed="0.004715">TypeError: 'module' object is not callable</status>
</kw>
<kw name="fill the login form" owner="LoginResources">
<arg>${Username}</arg>
<arg>${Password}</arg>
<status status="NOT RUN" start="2025-05-20T19:23:01.946763" elapsed="0.000080"/>
</kw>
<if>
<branch type="IF" condition="'${Username}'=='locked_out_user'">
<kw name="verify locked out error" owner="LoginResources">
<status status="NOT RUN" start="2025-05-20T19:23:01.947113" elapsed="0.000071"/>
</kw>
<status status="NOT RUN" start="2025-05-20T19:23:01.946942" elapsed="0.000291"/>
</branch>
<branch type="ELSE IF" condition="'${Username}'=='abc'">
<kw name="verify invalid username and password" owner="LoginResources">
<status status="NOT RUN" start="2025-05-20T19:23:01.947426" elapsed="0.000065"/>
</kw>
<status status="NOT RUN" start="2025-05-20T19:23:01.947280" elapsed="0.000274"/>
</branch>
<branch type="ELSE IF" condition="'${Username}'==''">
<kw name="verify username required error" owner="LoginResources">
<status status="NOT RUN" start="2025-05-20T19:23:01.947758" elapsed="0.000067"/>
</kw>
<status status="NOT RUN" start="2025-05-20T19:23:01.947602" elapsed="0.000273"/>
</branch>
<branch type="ELSE IF" condition="'${Password}'==''">
<kw name="verify password required error" owner="LoginResources">
<status status="NOT RUN" start="2025-05-20T19:23:01.948073" elapsed="0.000066"/>
</kw>
<status status="NOT RUN" start="2025-05-20T19:23:01.947921" elapsed="0.000265"/>
</branch>
<branch type="ELSE">
<kw name="verify the dash board Page" owner="LoginResources">
<status status="NOT RUN" start="2025-05-20T19:23:01.948368" elapsed="0.000062"/>
</kw>
<status status="NOT RUN" start="2025-05-20T19:23:01.948229" elapsed="0.000246"/>
</branch>
<status status="NOT RUN" start="2025-05-20T19:23:01.946918" elapsed="0.001596"/>
</if>
<kw name="close the broswer session" owner="GenericResources">
<status status="NOT RUN" start="2025-05-20T19:23:01.948624" elapsed="0.000064"/>
</kw>
<arg>Username=standard_user</arg>
<arg>Password=</arg>
<status status="FAIL" start="2025-05-20T19:23:01.941407" elapsed="0.007383">TypeError: 'module' object is not callable</status>
</kw>
<status status="FAIL" start="2025-05-20T19:23:01.940085" elapsed="0.008870">TypeError: 'module' object is not callable</status>
</test>
<test id="s1-s1-s3-t8" name="Verify Login Feature" line="13">
<kw name="Validate Successful and UnSuccessful Login">
<kw name="Open the browser with url" owner="GenericResources">
<kw name="Evaluate" owner="BuiltIn">
<msg time="2025-05-20T19:23:01.951268" level="INFO">${options} = &lt;selenium.webdriver.chrome.options.Options object at 0x0000021F5D40C6B0&gt;</msg>
<var>${options}</var>
<arg>sys.modules['selenium.webdriver'].ChromeOptions()</arg>
<arg>sys, selenium.webdriver</arg>
<doc>Evaluates the given expression in Python and returns the result.</doc>
<status status="PASS" start="2025-05-20T19:23:01.950992" elapsed="0.000313"/>
</kw>
<kw name="Call Method" owner="BuiltIn">
<arg>${options}</arg>
<arg>add_argument</arg>
<arg>--incognito</arg>
<doc>Calls the named method of the given object with the provided arguments.</doc>
<status status="PASS" start="2025-05-20T19:23:01.951435" elapsed="0.000197"/>
</kw>
<kw name="Call Method" owner="BuiltIn">
<arg>${options}</arg>
<arg>add_argument</arg>
<arg>--disable-extensions</arg>
<doc>Calls the named method of the given object with the provided arguments.</doc>
<status status="PASS" start="2025-05-20T19:23:01.951757" elapsed="0.000177"/>
</kw>
<kw name="Call Method" owner="BuiltIn">
<arg>${options}</arg>
<arg>add_argument</arg>
<arg>--disable-notifications</arg>
<doc>Calls the named method of the given object with the provided arguments.</doc>
<status status="PASS" start="2025-05-20T19:23:01.952057" elapsed="0.000180"/>
</kw>
<kw name="Call Method" owner="BuiltIn">
<arg>${options}</arg>
<arg>add_argument</arg>
<arg>--disable-popup-blocking</arg>
<doc>Calls the named method of the given object with the provided arguments.</doc>
<status status="PASS" start="2025-05-20T19:23:01.952359" elapsed="0.000177"/>
</kw>
<kw name="Call Method" owner="BuiltIn">
<arg>${options}</arg>
<arg>add_argument</arg>
<arg>--start-maximized</arg>
<doc>Calls the named method of the given object with the provided arguments.</doc>
<status status="PASS" start="2025-05-20T19:23:01.952667" elapsed="0.000175"/>
</kw>
<kw name="Evaluate" owner="BuiltIn">
<msg time="2025-05-20T19:23:01.953227" level="INFO">${prefs} = {'credentials_enable_service': False, 'profile.password_manager_enabled': False}</msg>
<var>${prefs}</var>
<arg>{"credentials_enable_service": False, "profile.password_manager_enabled": False}</arg>
<doc>Evaluates the given expression in Python and returns the result.</doc>
<status status="PASS" start="2025-05-20T19:23:01.953027" elapsed="0.000226"/>
</kw>
<kw name="Call Method" owner="BuiltIn">
<arg>${options}</arg>
<arg>add_experimental_option</arg>
<arg>prefs</arg>
<arg>${prefs}</arg>
<doc>Calls the named method of the given object with the provided arguments.</doc>
<status status="PASS" start="2025-05-20T19:23:01.953347" elapsed="0.000139"/>
</kw>
<kw name="Create Webdriver" owner="SeleniumLibrary">
<msg time="2025-05-20T19:23:01.953788" level="INFO">Creating an instance of the chrome WebDriver.</msg>
<msg time="2025-05-20T19:23:01.953820" level="INFO">Cannot capture screenshot because no browser is open.</msg>
<msg time="2025-05-20T19:23:01.953873" level="FAIL">TypeError: 'module' object is not callable</msg>
<arg>${browser}</arg>
<arg>options=${options}</arg>
<doc>Creates an instance of Selenium WebDriver.</doc>
<status status="FAIL" start="2025-05-20T19:23:01.953572" elapsed="0.000706">TypeError: 'module' object is not callable</status>
</kw>
<kw name="Go To" owner="SeleniumLibrary">
<arg>${url}</arg>
<doc>Navigates the current browser window to the provided ``url``.</doc>
<status status="NOT RUN" start="2025-05-20T19:23:01.954450" elapsed="0.000051"/>
</kw>
<kw name="Maximize Browser Window" owner="SeleniumLibrary">
<doc>Maximizes current browser window.</doc>
<status status="NOT RUN" start="2025-05-20T19:23:01.954571" elapsed="0.000035"/>
</kw>
<kw name="Set Selenium Implicit Wait" owner="SeleniumLibrary">
<arg>5</arg>
<doc>Sets the implicit wait value used by Selenium.</doc>
<status status="NOT RUN" start="2025-05-20T19:23:01.954668" elapsed="0.000032"/>
</kw>
<status status="FAIL" start="2025-05-20T19:23:01.950722" elapsed="0.004047">TypeError: 'module' object is not callable</status>
</kw>
<kw name="fill the login form" owner="LoginResources">
<arg>${Username}</arg>
<arg>${Password}</arg>
<status status="NOT RUN" start="2025-05-20T19:23:01.954865" elapsed="0.000048"/>
</kw>
<if>
<branch type="IF" condition="'${Username}'=='locked_out_user'">
<kw name="verify locked out error" owner="LoginResources">
<status status="NOT RUN" start="2025-05-20T19:23:01.955068" elapsed="0.000038"/>
</kw>
<status status="NOT RUN" start="2025-05-20T19:23:01.954973" elapsed="0.000160"/>
</branch>
<branch type="ELSE IF" condition="'${Username}'=='abc'">
<kw name="verify invalid username and password" owner="LoginResources">
<status status="NOT RUN" start="2025-05-20T19:23:01.955242" elapsed="0.000037"/>
</kw>
<status status="NOT RUN" start="2025-05-20T19:23:01.955161" elapsed="0.000145"/>
</branch>
<branch type="ELSE IF" condition="'${Username}'==''">
<kw name="verify username required error" owner="LoginResources">
<status status="NOT RUN" start="2025-05-20T19:23:01.955408" elapsed="0.000033"/>
</kw>
<status status="NOT RUN" start="2025-05-20T19:23:01.955334" elapsed="0.000131"/>
</branch>
<branch type="ELSE IF" condition="'${Password}'==''">
<kw name="verify password required error" owner="LoginResources">
<status status="NOT RUN" start="2025-05-20T19:23:01.955560" elapsed="0.000033"/>
</kw>
<status status="NOT RUN" start="2025-05-20T19:23:01.955488" elapsed="0.000128"/>
</branch>
<branch type="ELSE">
<kw name="verify the dash board Page" owner="LoginResources">
<status status="NOT RUN" start="2025-05-20T19:23:01.955715" elapsed="0.000033"/>
</kw>
<status status="NOT RUN" start="2025-05-20T19:23:01.955640" elapsed="0.000133"/>
</branch>
<status status="NOT RUN" start="2025-05-20T19:23:01.954958" elapsed="0.000839"/>
</if>
<kw name="close the broswer session" owner="GenericResources">
<status status="NOT RUN" start="2025-05-20T19:23:01.955854" elapsed="0.000034"/>
</kw>
<arg>Username=abc</arg>
<arg>Password=123</arg>
<status status="FAIL" start="2025-05-20T19:23:01.950337" elapsed="0.005613">TypeError: 'module' object is not callable</status>
</kw>
<status status="FAIL" start="2025-05-20T19:23:01.949202" elapsed="0.006870">TypeError: 'module' object is not callable</status>
</test>
<status status="FAIL" start="2025-05-20T19:23:00.259061" elapsed="1.697239"/>
</suite>
<suite id="s1-s1-s4" name="VerifySortings" source="D:\RobotFramework-2\SauceDemo_Practice\TestCases\VerifySortings.robot">
<test id="s1-s1-s4-t1" name="Verify the product sorting from Z - A" line="8">
<kw name="Open the browser with url" owner="GenericResources">
<kw name="Evaluate" owner="BuiltIn">
<msg time="2025-05-20T19:23:00.773899" level="INFO">${options} = &lt;selenium.webdriver.chrome.options.Options object at 0x00000209EE4E7620&gt;</msg>
<var>${options}</var>
<arg>sys.modules['selenium.webdriver'].ChromeOptions()</arg>
<arg>sys, selenium.webdriver</arg>
<doc>Evaluates the given expression in Python and returns the result.</doc>
<status status="PASS" start="2025-05-20T19:23:00.773444" elapsed="0.000515"/>
</kw>
<kw name="Call Method" owner="BuiltIn">
<arg>${options}</arg>
<arg>add_argument</arg>
<arg>--incognito</arg>
<doc>Calls the named method of the given object with the provided arguments.</doc>
<status status="PASS" start="2025-05-20T19:23:00.774179" elapsed="0.000224"/>
</kw>
<kw name="Call Method" owner="BuiltIn">
<arg>${options}</arg>
<arg>add_argument</arg>
<arg>--disable-extensions</arg>
<doc>Calls the named method of the given object with the provided arguments.</doc>
<status status="PASS" start="2025-05-20T19:23:00.774530" elapsed="0.000158"/>
</kw>
<kw name="Call Method" owner="BuiltIn">
<arg>${options}</arg>
<arg>add_argument</arg>
<arg>--disable-notifications</arg>
<doc>Calls the named method of the given object with the provided arguments.</doc>
<status status="PASS" start="2025-05-20T19:23:00.774795" elapsed="0.000160"/>
</kw>
<kw name="Call Method" owner="BuiltIn">
<arg>${options}</arg>
<arg>add_argument</arg>
<arg>--disable-popup-blocking</arg>
<doc>Calls the named method of the given object with the provided arguments.</doc>
<status status="PASS" start="2025-05-20T19:23:00.775065" elapsed="0.000242"/>
</kw>
<kw name="Call Method" owner="BuiltIn">
<arg>${options}</arg>
<arg>add_argument</arg>
<arg>--start-maximized</arg>
<doc>Calls the named method of the given object with the provided arguments.</doc>
<status status="PASS" start="2025-05-20T19:23:00.775464" elapsed="0.000235"/>
</kw>
<kw name="Evaluate" owner="BuiltIn">
<msg time="2025-05-20T19:23:00.776159" level="INFO">${prefs} = {'credentials_enable_service': False, 'profile.password_manager_enabled': False}</msg>
<var>${prefs}</var>
<arg>{"credentials_enable_service": False, "profile.password_manager_enabled": False}</arg>
<doc>Evaluates the given expression in Python and returns the result.</doc>
<status status="PASS" start="2025-05-20T19:23:00.775849" elapsed="0.000353"/>
</kw>
<kw name="Call Method" owner="BuiltIn">
<arg>${options}</arg>
<arg>add_experimental_option</arg>
<arg>prefs</arg>
<arg>${prefs}</arg>
<doc>Calls the named method of the given object with the provided arguments.</doc>
<status status="PASS" start="2025-05-20T19:23:00.776312" elapsed="0.000201"/>
</kw>
<kw name="Create Webdriver" owner="SeleniumLibrary">
<msg time="2025-05-20T19:23:00.776890" level="INFO">Creating an instance of the chrome WebDriver.</msg>
<msg time="2025-05-20T19:23:00.776960" level="INFO">Cannot capture screenshot because no browser is open.</msg>
<msg time="2025-05-20T19:23:00.777119" level="FAIL">TypeError: 'module' object is not callable</msg>
<arg>${browser}</arg>
<arg>options=${options}</arg>
<doc>Creates an instance of Selenium WebDriver.</doc>
<status status="FAIL" start="2025-05-20T19:23:00.776638" elapsed="0.020806">TypeError: 'module' object is not callable</status>
</kw>
<kw name="Go To" owner="SeleniumLibrary">
<arg>${url}</arg>
<doc>Navigates the current browser window to the provided ``url``.</doc>
<status status="NOT RUN" start="2025-05-20T19:23:00.797949" elapsed="0.000131"/>
</kw>
<kw name="Maximize Browser Window" owner="SeleniumLibrary">
<doc>Maximizes current browser window.</doc>
<status status="NOT RUN" start="2025-05-20T19:23:00.798287" elapsed="0.000122"/>
</kw>
<kw name="Set Selenium Implicit Wait" owner="SeleniumLibrary">
<arg>5</arg>
<doc>Sets the implicit wait value used by Selenium.</doc>
<status status="NOT RUN" start="2025-05-20T19:23:00.798577" elapsed="0.000100"/>
</kw>
<status status="FAIL" start="2025-05-20T19:23:00.772536" elapsed="0.026371">TypeError: 'module' object is not callable</status>
</kw>
<kw name="Login with Valid Credential" owner="LoginResources">
<arg>standard_user</arg>
<arg>secret_sauce</arg>
<status status="NOT RUN" start="2025-05-20T19:23:00.799176" elapsed="0.000119"/>
</kw>
<kw name="select the sort option" owner="SortingResources">
<arg>Name (Z to A)</arg>
<status status="NOT RUN" start="2025-05-20T19:23:00.799500" elapsed="0.000122"/>
</kw>
<kw name="Verify Product Order Descending" owner="SortingResources">
<status status="NOT RUN" start="2025-05-20T19:23:00.799837" elapsed="0.000100"/>
</kw>
<kw name="close the broswer session" owner="GenericResources">
<status status="NOT RUN" start="2025-05-20T19:23:00.800105" elapsed="0.000098"/>
</kw>
<status status="FAIL" start="2025-05-20T19:23:00.771763" elapsed="0.028769">TypeError: 'module' object is not callable</status>
</test>
<test id="s1-s1-s4-t2" name="Verify the product sorting from A-Z" line="15">
<kw name="Open the browser with url" owner="GenericResources">
<kw name="Evaluate" owner="BuiltIn">
<msg time="2025-05-20T19:23:00.803150" level="INFO">${options} = &lt;selenium.webdriver.chrome.options.Options object at 0x00000209EE5F4190&gt;</msg>
<var>${options}</var>
<arg>sys.modules['selenium.webdriver'].ChromeOptions()</arg>
<arg>sys, selenium.webdriver</arg>
<doc>Evaluates the given expression in Python and returns the result.</doc>
<status status="PASS" start="2025-05-20T19:23:00.802545" elapsed="0.000673"/>
</kw>
<kw name="Call Method" owner="BuiltIn">
<arg>${options}</arg>
<arg>add_argument</arg>
<arg>--incognito</arg>
<doc>Calls the named method of the given object with the provided arguments.</doc>
<status status="PASS" start="2025-05-20T19:23:00.803443" elapsed="0.000367"/>
</kw>
<kw name="Call Method" owner="BuiltIn">
<arg>${options}</arg>
<arg>add_argument</arg>
<arg>--disable-extensions</arg>
<doc>Calls the named method of the given object with the provided arguments.</doc>
<status status="PASS" start="2025-05-20T19:23:00.804016" elapsed="0.000323"/>
</kw>
<kw name="Call Method" owner="BuiltIn">
<arg>${options}</arg>
<arg>add_argument</arg>
<arg>--disable-notifications</arg>
<doc>Calls the named method of the given object with the provided arguments.</doc>
<status status="PASS" start="2025-05-20T19:23:00.804516" elapsed="0.000292"/>
</kw>
<kw name="Call Method" owner="BuiltIn">
<arg>${options}</arg>
<arg>add_argument</arg>
<arg>--disable-popup-blocking</arg>
<doc>Calls the named method of the given object with the provided arguments.</doc>
<status status="PASS" start="2025-05-20T19:23:00.805019" elapsed="0.000322"/>
</kw>
<kw name="Call Method" owner="BuiltIn">
<arg>${options}</arg>
<arg>add_argument</arg>
<arg>--start-maximized</arg>
<doc>Calls the named method of the given object with the provided arguments.</doc>
<status status="PASS" start="2025-05-20T19:23:00.805529" elapsed="0.000311"/>
</kw>
<kw name="Evaluate" owner="BuiltIn">
<msg time="2025-05-20T19:23:00.806477" level="INFO">${prefs} = {'credentials_enable_service': False, 'profile.password_manager_enabled': False}</msg>
<var>${prefs}</var>
<arg>{"credentials_enable_service": False, "profile.password_manager_enabled": False}</arg>
<doc>Evaluates the given expression in Python and returns the result.</doc>
<status status="PASS" start="2025-05-20T19:23:00.806037" elapsed="0.000497"/>
</kw>
<kw name="Call Method" owner="BuiltIn">
<arg>${options}</arg>
<arg>add_experimental_option</arg>
<arg>prefs</arg>
<arg>${prefs}</arg>
<doc>Calls the named method of the given object with the provided arguments.</doc>
<status status="PASS" start="2025-05-20T19:23:00.806714" elapsed="0.000297"/>
</kw>
<kw name="Create Webdriver" owner="SeleniumLibrary">
<msg time="2025-05-20T19:23:00.807796" level="INFO">Creating an instance of the chrome WebDriver.</msg>
<msg time="2025-05-20T19:23:00.807895" level="INFO">Cannot capture screenshot because no browser is open.</msg>
<msg time="2025-05-20T19:23:00.808022" level="FAIL">TypeError: 'module' object is not callable</msg>
<arg>${browser}</arg>
<arg>options=${options}</arg>
<doc>Creates an instance of Selenium WebDriver.</doc>
<status status="FAIL" start="2025-05-20T19:23:00.807413" elapsed="0.001794">TypeError: 'module' object is not callable</status>
</kw>
<kw name="Go To" owner="SeleniumLibrary">
<arg>${url}</arg>
<doc>Navigates the current browser window to the provided ``url``.</doc>
<status status="NOT RUN" start="2025-05-20T19:23:00.809724" elapsed="0.000144"/>
</kw>
<kw name="Maximize Browser Window" owner="SeleniumLibrary">
<doc>Maximizes current browser window.</doc>
<status status="NOT RUN" start="2025-05-20T19:23:00.810072" elapsed="0.000110"/>
</kw>
<kw name="Set Selenium Implicit Wait" owner="SeleniumLibrary">
<arg>5</arg>
<doc>Sets the implicit wait value used by Selenium.</doc>
<status status="NOT RUN" start="2025-05-20T19:23:00.810395" elapsed="0.000165"/>
</kw>
<status status="FAIL" start="2025-05-20T19:23:00.801981" elapsed="0.008804">TypeError: 'module' object is not callable</status>
</kw>
<kw name="Login with Valid Credential" owner="LoginResources">
<arg>standard_user</arg>
<arg>secret_sauce</arg>
<status status="NOT RUN" start="2025-05-20T19:23:00.811057" elapsed="0.000177"/>
</kw>
<kw name="select the sort option" owner="SortingResources">
<arg>Name (A to Z)</arg>
<status status="NOT RUN" start="2025-05-20T19:23:00.811439" elapsed="0.000120"/>
</kw>
<kw name="Verify Product Order Ascending" owner="SortingResources">
<status status="NOT RUN" start="2025-05-20T19:23:00.811803" elapsed="0.000125"/>
</kw>
<status status="FAIL" start="2025-05-20T19:23:00.801197" elapsed="0.010989">TypeError: 'module' object is not callable</status>
</test>
<test id="s1-s1-s4-t3" name="Verify the product sorting from High price to Low" line="21">
<kw name="Open the browser with url" owner="GenericResources">
<kw name="Evaluate" owner="BuiltIn">
<msg time="2025-05-20T19:23:00.814458" level="INFO">${options} = &lt;selenium.webdriver.chrome.options.Options object at 0x00000209EE5F42D0&gt;</msg>
<var>${options}</var>
<arg>sys.modules['selenium.webdriver'].ChromeOptions()</arg>
<arg>sys, selenium.webdriver</arg>
<doc>Evaluates the given expression in Python and returns the result.</doc>
<status status="PASS" start="2025-05-20T19:23:00.813862" elapsed="0.000680"/>
</kw>
<kw name="Call Method" owner="BuiltIn">
<arg>${options}</arg>
<arg>add_argument</arg>
<arg>--incognito</arg>
<doc>Calls the named method of the given object with the provided arguments.</doc>
<status status="PASS" start="2025-05-20T19:23:00.814784" elapsed="0.000302"/>
</kw>
<kw name="Call Method" owner="BuiltIn">
<arg>${options}</arg>
<arg>add_argument</arg>
<arg>--disable-extensions</arg>
<doc>Calls the named method of the given object with the provided arguments.</doc>
<status status="PASS" start="2025-05-20T19:23:00.815290" elapsed="0.000290"/>
</kw>
<kw name="Call Method" owner="BuiltIn">
<arg>${options}</arg>
<arg>add_argument</arg>
<arg>--disable-notifications</arg>
<doc>Calls the named method of the given object with the provided arguments.</doc>
<status status="PASS" start="2025-05-20T19:23:00.815754" elapsed="0.000299"/>
</kw>
<kw name="Call Method" owner="BuiltIn">
<arg>${options}</arg>
<arg>add_argument</arg>
<arg>--disable-popup-blocking</arg>
<doc>Calls the named method of the given object with the provided arguments.</doc>
<status status="PASS" start="2025-05-20T19:23:00.816216" elapsed="0.000251"/>
</kw>
<kw name="Call Method" owner="BuiltIn">
<arg>${options}</arg>
<arg>add_argument</arg>
<arg>--start-maximized</arg>
<doc>Calls the named method of the given object with the provided arguments.</doc>
<status status="PASS" start="2025-05-20T19:23:00.816702" elapsed="0.000316"/>
</kw>
<kw name="Evaluate" owner="BuiltIn">
<msg time="2025-05-20T19:23:00.817690" level="INFO">${prefs} = {'credentials_enable_service': False, 'profile.password_manager_enabled': False}</msg>
<var>${prefs}</var>
<arg>{"credentials_enable_service": False, "profile.password_manager_enabled": False}</arg>
<doc>Evaluates the given expression in Python and returns the result.</doc>
<status status="PASS" start="2025-05-20T19:23:00.817221" elapsed="0.000538"/>
</kw>
<kw name="Call Method" owner="BuiltIn">
<arg>${options}</arg>
<arg>add_experimental_option</arg>
<arg>prefs</arg>
<arg>${prefs}</arg>
<doc>Calls the named method of the given object with the provided arguments.</doc>
<status status="PASS" start="2025-05-20T19:23:00.817971" elapsed="0.000362"/>
</kw>
<kw name="Create Webdriver" owner="SeleniumLibrary">
<msg time="2025-05-20T19:23:00.819010" level="INFO">Creating an instance of the chrome WebDriver.</msg>
<msg time="2025-05-20T19:23:00.819087" level="INFO">Cannot capture screenshot because no browser is open.</msg>
<msg time="2025-05-20T19:23:00.819235" level="FAIL">TypeError: 'module' object is not callable</msg>
<arg>${browser}</arg>
<arg>options=${options}</arg>
<doc>Creates an instance of Selenium WebDriver.</doc>
<status status="FAIL" start="2025-05-20T19:23:00.818555" elapsed="0.002636">TypeError: 'module' object is not callable</status>
</kw>
<kw name="Go To" owner="SeleniumLibrary">
<arg>${url}</arg>
<doc>Navigates the current browser window to the provided ``url``.</doc>
<status status="NOT RUN" start="2025-05-20T19:23:00.821690" elapsed="0.000153"/>
</kw>
<kw name="Maximize Browser Window" owner="SeleniumLibrary">
<doc>Maximizes current browser window.</doc>
<status status="NOT RUN" start="2025-05-20T19:23:00.822042" elapsed="0.000156"/>
</kw>
<kw name="Set Selenium Implicit Wait" owner="SeleniumLibrary">
<arg>5</arg>
<doc>Sets the implicit wait value used by Selenium.</doc>
<status status="NOT RUN" start="2025-05-20T19:23:00.822362" elapsed="0.000107"/>
</kw>
<status status="FAIL" start="2025-05-20T19:23:00.813326" elapsed="0.009341">TypeError: 'module' object is not callable</status>
</kw>
<kw name="Login with Valid Credential" owner="LoginResources">
<arg>standard_user</arg>
<arg>secret_sauce</arg>
<status status="NOT RUN" start="2025-05-20T19:23:00.822962" elapsed="0.000143"/>
</kw>
<kw name="select the sort option" owner="SortingResources">
<arg>Price (high to low)</arg>
<status status="NOT RUN" start="2025-05-20T19:23:00.823320" elapsed="0.000122"/>
</kw>
<kw name="Verify Product Price Order Ascending" owner="SortingResources">
<status status="NOT RUN" start="2025-05-20T19:23:00.823741" elapsed="0.000112"/>
</kw>
<status status="FAIL" start="2025-05-20T19:23:00.812635" elapsed="0.011403">TypeError: 'module' object is not callable</status>
</test>
<test id="s1-s1-s4-t4" name="Verify Product Price Order Descending" line="27">
<kw name="Open the browser with url" owner="GenericResources">
<kw name="Evaluate" owner="BuiltIn">
<msg time="2025-05-20T19:23:00.825855" level="INFO">${options} = &lt;selenium.webdriver.chrome.options.Options object at 0x00000209EE47FCE0&gt;</msg>
<var>${options}</var>
<arg>sys.modules['selenium.webdriver'].ChromeOptions()</arg>
<arg>sys, selenium.webdriver</arg>
<doc>Evaluates the given expression in Python and returns the result.</doc>
<status status="PASS" start="2025-05-20T19:23:00.825351" elapsed="0.000550"/>
</kw>
<kw name="Call Method" owner="BuiltIn">
<arg>${options}</arg>
<arg>add_argument</arg>
<arg>--incognito</arg>
<doc>Calls the named method of the given object with the provided arguments.</doc>
<status status="PASS" start="2025-05-20T19:23:00.826072" elapsed="0.000273"/>
</kw>
<kw name="Call Method" owner="BuiltIn">
<arg>${options}</arg>
<arg>add_argument</arg>
<arg>--disable-extensions</arg>
<doc>Calls the named method of the given object with the provided arguments.</doc>
<status status="PASS" start="2025-05-20T19:23:00.826513" elapsed="0.000215"/>
</kw>
<kw name="Call Method" owner="BuiltIn">
<arg>${options}</arg>
<arg>add_argument</arg>
<arg>--disable-notifications</arg>
<doc>Calls the named method of the given object with the provided arguments.</doc>
<status status="PASS" start="2025-05-20T19:23:00.826988" elapsed="0.000223"/>
</kw>
<kw name="Call Method" owner="BuiltIn">
<arg>${options}</arg>
<arg>add_argument</arg>
<arg>--disable-popup-blocking</arg>
<doc>Calls the named method of the given object with the provided arguments.</doc>
<status status="PASS" start="2025-05-20T19:23:00.827341" elapsed="0.000176"/>
</kw>
<kw name="Call Method" owner="BuiltIn">
<arg>${options}</arg>
<arg>add_argument</arg>
<arg>--start-maximized</arg>
<doc>Calls the named method of the given object with the provided arguments.</doc>
<status status="PASS" start="2025-05-20T19:23:00.827664" elapsed="0.000242"/>
</kw>
<kw name="Evaluate" owner="BuiltIn">
<msg time="2025-05-20T19:23:00.828310" level="INFO">${prefs} = {'credentials_enable_service': False, 'profile.password_manager_enabled': False}</msg>
<var>${prefs}</var>
<arg>{"credentials_enable_service": False, "profile.password_manager_enabled": False}</arg>
<doc>Evaluates the given expression in Python and returns the result.</doc>
<status status="PASS" start="2025-05-20T19:23:00.828036" elapsed="0.000313"/>
</kw>
<kw name="Call Method" owner="BuiltIn">
<arg>${options}</arg>
<arg>add_experimental_option</arg>
<arg>prefs</arg>
<arg>${prefs}</arg>
<doc>Calls the named method of the given object with the provided arguments.</doc>
<status status="PASS" start="2025-05-20T19:23:00.828465" elapsed="0.000218"/>
</kw>
<kw name="Create Webdriver" owner="SeleniumLibrary">
<msg time="2025-05-20T19:23:00.829033" level="INFO">Creating an instance of the chrome WebDriver.</msg>
<msg time="2025-05-20T19:23:00.829083" level="INFO">Cannot capture screenshot because no browser is open.</msg>
<msg time="2025-05-20T19:23:00.829175" level="FAIL">TypeError: 'module' object is not callable</msg>
<arg>${browser}</arg>
<arg>options=${options}</arg>
<doc>Creates an instance of Selenium WebDriver.</doc>
<status status="FAIL" start="2025-05-20T19:23:00.828816" elapsed="0.001108">TypeError: 'module' object is not callable</status>
</kw>
<kw name="Go To" owner="SeleniumLibrary">
<arg>${url}</arg>
<doc>Navigates the current browser window to the provided ``url``.</doc>
<status status="NOT RUN" start="2025-05-20T19:23:00.830291" elapsed="0.000112"/>
</kw>
<kw name="Maximize Browser Window" owner="SeleniumLibrary">
<doc>Maximizes current browser window.</doc>
<status status="NOT RUN" start="2025-05-20T19:23:00.830523" elapsed="0.000055"/>
</kw>
<kw name="Set Selenium Implicit Wait" owner="SeleniumLibrary">
<arg>5</arg>
<doc>Sets the implicit wait value used by Selenium.</doc>
<status status="NOT RUN" start="2025-05-20T19:23:00.830673" elapsed="0.000119"/>
</kw>
<status status="FAIL" start="2025-05-20T19:23:00.824764" elapsed="0.006316">TypeError: 'module' object is not callable</status>
</kw>
<kw name="Login with Valid Credential" owner="LoginResources">
<arg>standard_user</arg>
<arg>secret_sauce</arg>
<status status="NOT RUN" start="2025-05-20T19:23:00.831324" elapsed="0.000126"/>
</kw>
<kw name="select the sort option" owner="SortingResources">
<arg>Price (low to high)</arg>
<status status="NOT RUN" start="2025-05-20T19:23:00.831637" elapsed="0.000087"/>
</kw>
<kw name="Verify Product Price Order Ascending" owner="SortingResources">
<status status="NOT RUN" start="2025-05-20T19:23:00.831918" elapsed="0.000122"/>
</kw>
<status status="FAIL" start="2025-05-20T19:23:00.824333" elapsed="0.007973">TypeError: 'module' object is not callable</status>
</test>
<status status="FAIL" start="2025-05-20T19:23:00.254264" elapsed="0.578621"/>
</suite>
<suite id="s1-s1-s5" name="purchaseProductTest" source="D:\RobotFramework-2\SauceDemo_Practice\TestCases\purchaseProductTest.robot">
<test id="s1-s1-s5-t1" name="Valid credentials" line="15">
<kw name="verify the product checkout feature">
<kw name="Open the browser with url" owner="GenericResources">
<kw name="Evaluate" owner="BuiltIn">
<msg time="2025-05-20T19:23:00.800672" level="INFO">${options} = &lt;selenium.webdriver.chrome.options.Options object at 0x0000020EB18E7230&gt;</msg>
<var>${options}</var>
<arg>sys.modules['selenium.webdriver'].ChromeOptions()</arg>
<arg>sys, selenium.webdriver</arg>
<doc>Evaluates the given expression in Python and returns the result.</doc>
<status status="PASS" start="2025-05-20T19:23:00.800236" elapsed="0.000493"/>
</kw>
<kw name="Call Method" owner="BuiltIn">
<arg>${options}</arg>
<arg>add_argument</arg>
<arg>--incognito</arg>
<doc>Calls the named method of the given object with the provided arguments.</doc>
<status status="PASS" start="2025-05-20T19:23:00.800932" elapsed="0.000234"/>
</kw>
<kw name="Call Method" owner="BuiltIn">
<arg>${options}</arg>
<arg>add_argument</arg>
<arg>--disable-extensions</arg>
<doc>Calls the named method of the given object with the provided arguments.</doc>
<status status="PASS" start="2025-05-20T19:23:00.801298" elapsed="0.000240"/>
</kw>
<kw name="Call Method" owner="BuiltIn">
<arg>${options}</arg>
<arg>add_argument</arg>
<arg>--disable-notifications</arg>
<doc>Calls the named method of the given object with the provided arguments.</doc>
<status status="PASS" start="2025-05-20T19:23:00.801764" elapsed="0.000277"/>
</kw>
<kw name="Call Method" owner="BuiltIn">
<arg>${options}</arg>
<arg>add_argument</arg>
<arg>--disable-popup-blocking</arg>
<doc>Calls the named method of the given object with the provided arguments.</doc>
<status status="PASS" start="2025-05-20T19:23:00.802223" elapsed="0.000296"/>
</kw>
<kw name="Call Method" owner="BuiltIn">
<arg>${options}</arg>
<arg>add_argument</arg>
<arg>--start-maximized</arg>
<doc>Calls the named method of the given object with the provided arguments.</doc>
<status status="PASS" start="2025-05-20T19:23:00.802704" elapsed="0.000251"/>
</kw>
<kw name="Evaluate" owner="BuiltIn">
<msg time="2025-05-20T19:23:00.803554" level="INFO">${prefs} = {'credentials_enable_service': False, 'profile.password_manager_enabled': False}</msg>
<var>${prefs}</var>
<arg>{"credentials_enable_service": False, "profile.password_manager_enabled": False}</arg>
<doc>Evaluates the given expression in Python and returns the result.</doc>
<status status="PASS" start="2025-05-20T19:23:00.803173" elapsed="0.000455"/>
</kw>
<kw name="Call Method" owner="BuiltIn">
<arg>${options}</arg>
<arg>add_experimental_option</arg>
<arg>prefs</arg>
<arg>${prefs}</arg>
<doc>Calls the named method of the given object with the provided arguments.</doc>
<status status="PASS" start="2025-05-20T19:23:00.803849" elapsed="0.000251"/>
</kw>
<kw name="Create Webdriver" owner="SeleniumLibrary">
<msg time="2025-05-20T19:23:00.804509" level="INFO">Creating an instance of the chrome WebDriver.</msg>
<msg time="2025-05-20T19:23:00.804568" level="INFO">Cannot capture screenshot because no browser is open.</msg>
<msg time="2025-05-20T19:23:00.804695" level="FAIL">TypeError: 'module' object is not callable</msg>
<arg>${browser}</arg>
<arg>options=${options}</arg>
<doc>Creates an instance of Selenium WebDriver.</doc>
<status status="FAIL" start="2025-05-20T19:23:00.804240" elapsed="0.002669">TypeError: 'module' object is not callable</status>
</kw>
<kw name="Go To" owner="SeleniumLibrary">
<arg>${url}</arg>
<doc>Navigates the current browser window to the provided ``url``.</doc>
<status status="NOT RUN" start="2025-05-20T19:23:00.807492" elapsed="0.000161"/>
</kw>
<kw name="Maximize Browser Window" owner="SeleniumLibrary">
<doc>Maximizes current browser window.</doc>
<status status="NOT RUN" start="2025-05-20T19:23:00.807839" elapsed="0.000078"/>
</kw>
<kw name="Set Selenium Implicit Wait" owner="SeleniumLibrary">
<arg>5</arg>
<doc>Sets the implicit wait value used by Selenium.</doc>
<status status="NOT RUN" start="2025-05-20T19:23:00.808023" elapsed="0.000056"/>
</kw>
<status status="FAIL" start="2025-05-20T19:23:00.799542" elapsed="0.008713">TypeError: 'module' object is not callable</status>
</kw>
<kw name="Login with Valid Credential" owner="LoginResources">
<arg>standard_user</arg>
<arg>secret_sauce</arg>
<status status="NOT RUN" start="2025-05-20T19:23:00.808506" elapsed="0.000095"/>
</kw>
<kw name="Add the Products to cart" owner="ChcekoutResources">
<status status="NOT RUN" start="2025-05-20T19:23:00.808762" elapsed="0.000086"/>
</kw>
<kw name="check out the products" owner="ChcekoutResources">
<status status="NOT RUN" start="2025-05-20T19:23:00.809060" elapsed="0.000105"/>
</kw>
<kw name="Fill the checkout Details" owner="ChcekoutResources">
<arg>${Firstname}</arg>
<arg>${Lastname}</arg>
<arg>${Zipcode}</arg>
<status status="NOT RUN" start="2025-05-20T19:23:00.809307" elapsed="0.000066"/>
</kw>
<kw name="complete the Product checkout" owner="ChcekoutResources">
<status status="NOT RUN" start="2025-05-20T19:23:00.809496" elapsed="0.000060"/>
</kw>
<kw name="Verify the success Message" owner="ChcekoutResources">
<status status="NOT RUN" start="2025-05-20T19:23:00.809683" elapsed="0.000056"/>
</kw>
<arg>Firstname=Gayathri</arg>
<arg>Lastname=R</arg>
<arg>Zipcode=123456</arg>
<status status="FAIL" start="2025-05-20T19:23:00.798890" elapsed="0.010981">TypeError: 'module' object is not callable</status>
</kw>
<status status="FAIL" start="2025-05-20T19:23:00.797410" elapsed="0.012691">TypeError: 'module' object is not callable</status>
</test>
<status status="FAIL" start="2025-05-20T19:23:00.276038" elapsed="0.534971"/>
</suite>
<status status="FAIL" start="2025-05-20T19:23:00.252000" elapsed="1.705000"/>
</suite>
<doc>[https://pabot.org/?ref=log|Pabot] result from 5 executions.</doc>
<status status="FAIL" start="2025-05-20T19:23:00.232000" elapsed="1.725000"/>
</suite>
<statistics>
<total>
<stat pass="0" fail="15" skip="0">All Tests</stat>
</total>
<tag>
</tag>
<suite>
<stat name="SauceDemo Practice" id="s1" pass="0" fail="15" skip="0">SauceDemo Practice</stat>
<stat name="TestCases" id="s1-s1" pass="0" fail="15" skip="0">SauceDemo Practice.TestCases</stat>
<stat name="CheckoutTest" id="s1-s1-s1" pass="0" fail="1" skip="0">SauceDemo Practice.TestCases.CheckoutTest</stat>
<stat name="LogoutTest" id="s1-s1-s2" pass="0" fail="1" skip="0">SauceDemo Practice.TestCases.LogoutTest</stat>
<stat name="SauceDemoLogin" id="s1-s1-s3" pass="0" fail="8" skip="0">SauceDemo Practice.TestCases.SauceDemoLogin</stat>
<stat name="VerifySortings" id="s1-s1-s4" pass="0" fail="4" skip="0">SauceDemo Practice.TestCases.VerifySortings</stat>
<stat name="purchaseProductTest" id="s1-s1-s5" pass="0" fail="1" skip="0">SauceDemo Practice.TestCases.purchaseProductTest</stat>
</suite>
</statistics>
<errors>
<msg time="2025-05-20T19:23:00.175910" level="WARN">Error in file 'D:\RobotFramework-2\SauceDemo_Practice\Resources\SortingResources.robot' on line 23: The '[Return]' setting is deprecated. Use the 'RETURN' statement instead.</msg>
<msg time="2025-05-20T19:23:00.176257" level="WARN">Error in file 'D:\RobotFramework-2\SauceDemo_Practice\Resources\SortingResources.robot' on line 33: The '[Return]' setting is deprecated. Use the 'RETURN' statement instead.</msg>
<msg time="2025-05-20T19:23:00.786991" level="ERROR">Error in file 'D:\RobotFramework-2\SauceDemo_Practice\TestCases\SauceDemoLogin.robot' on line 6: Setting 'Test Template' is not allowed in resource file.</msg>
<msg time="2025-05-20T19:23:00.787192" level="ERROR">Error in file 'D:\RobotFramework-2\SauceDemo_Practice\TestCases\CheckoutTest.robot' on line 7: Error in file 'D:\RobotFramework-2\SauceDemo_Practice\TestCases\SauceDemoLogin.robot' on line 12: Resource file with 'Test Cases' section is invalid.</msg>
<msg time="2025-05-20T19:23:00.186430" level="WARN">Error in file 'D:\RobotFramework-2\SauceDemo_Practice\Resources\SortingResources.robot' on line 23: The '[Return]' setting is deprecated. Use the 'RETURN' statement instead.</msg>
<msg time="2025-05-20T19:23:00.186803" level="WARN">Error in file 'D:\RobotFramework-2\SauceDemo_Practice\Resources\SortingResources.robot' on line 33: The '[Return]' setting is deprecated. Use the 'RETURN' statement instead.</msg>
<msg time="2025-05-20T19:23:00.173721" level="WARN">Error in file 'D:\RobotFramework-2\SauceDemo_Practice\Resources\SortingResources.robot' on line 23: The '[Return]' setting is deprecated. Use the 'RETURN' statement instead.</msg>
<msg time="2025-05-20T19:23:00.174135" level="WARN">Error in file 'D:\RobotFramework-2\SauceDemo_Practice\Resources\SortingResources.robot' on line 33: The '[Return]' setting is deprecated. Use the 'RETURN' statement instead.</msg>
<msg time="2025-05-20T19:23:01.906835" level="WARN">Multiple tests with name 'Verify Login Feature' executed in suite 'SauceDemo Practice.TestCases.SauceDemoLogin'.</msg>
<msg time="2025-05-20T19:23:01.913991" level="WARN">Multiple tests with name 'Verify Login Feature' executed in suite 'SauceDemo Practice.TestCases.SauceDemoLogin'.</msg>
<msg time="2025-05-20T19:23:01.919592" level="WARN">Multiple tests with name 'Verify Login Feature' executed in suite 'SauceDemo Practice.TestCases.SauceDemoLogin'.</msg>
<msg time="2025-05-20T19:23:01.926818" level="WARN">Multiple tests with name 'Verify Login Feature' executed in suite 'SauceDemo Practice.TestCases.SauceDemoLogin'.</msg>
<msg time="2025-05-20T19:23:01.932907" level="WARN">Multiple tests with name 'Verify Login Feature' executed in suite 'SauceDemo Practice.TestCases.SauceDemoLogin'.</msg>
<msg time="2025-05-20T19:23:01.940122" level="WARN">Multiple tests with name 'Verify Login Feature' executed in suite 'SauceDemo Practice.TestCases.SauceDemoLogin'.</msg>
<msg time="2025-05-20T19:23:01.949237" level="WARN">Multiple tests with name 'Verify Login Feature' executed in suite 'SauceDemo Practice.TestCases.SauceDemoLogin'.</msg>
<msg time="2025-05-20T19:23:00.172226" level="WARN">Error in file 'D:\RobotFramework-2\SauceDemo_Practice\Resources\SortingResources.robot' on line 23: The '[Return]' setting is deprecated. Use the 'RETURN' statement instead.</msg>
<msg time="2025-05-20T19:23:00.172514" level="WARN">Error in file 'D:\RobotFramework-2\SauceDemo_Practice\Resources\SortingResources.robot' on line 33: The '[Return]' setting is deprecated. Use the 'RETURN' statement instead.</msg>
<msg time="2025-05-20T19:23:00.757638" level="WARN">Error in file 'D:\RobotFramework-2\SauceDemo_Practice\Resources\SortingResources.robot' on line 23: The '[Return]' setting is deprecated. Use the 'RETURN' statement instead.</msg>
<msg time="2025-05-20T19:23:00.757988" level="WARN">Error in file 'D:\RobotFramework-2\SauceDemo_Practice\Resources\SortingResources.robot' on line 33: The '[Return]' setting is deprecated. Use the 'RETURN' statement instead.</msg>
<msg time="2025-05-20T19:23:00.189189" level="WARN">Error in file 'D:\RobotFramework-2\SauceDemo_Practice\Resources\SortingResources.robot' on line 23: The '[Return]' setting is deprecated. Use the 'RETURN' statement instead.</msg>
<msg time="2025-05-20T19:23:00.189670" level="WARN">Error in file 'D:\RobotFramework-2\SauceDemo_Practice\Resources\SortingResources.robot' on line 33: The '[Return]' setting is deprecated. Use the 'RETURN' statement instead.</msg>
</errors>
</robot>
