<?xml version="1.0" encoding="UTF-8"?>
<robot generator="Robot 7.2.2 (Python 3.13.3 on win32)" generated="2025-05-20T19:19:19.909274" rpa="false" schemaversion="5">
<suite id="s1" name="RobotFramework-2" source="D:\RobotFramework-2">
<suite id="s1-s1" name="SauceDemo Practice" source="D:\RobotFramework-2\SauceDemo_Practice">
<suite id="s1-s1-s1" name="TestCases" source="D:\RobotFramework-2\SauceDemo_Practice\TestCases">
<suite id="s1-s1-s1-s1" name="purchaseProductTest" source="D:\RobotFramework-2\SauceDemo_Practice\TestCases\purchaseProductTest.robot">
<test id="s1-s1-s1-s1-t1" name="Valid credentials" line="15">
<kw name="verify the product checkout feature">
<kw name="Open the browser with url" owner="GenericResources">
<kw name="Open Browser" owner="SeleniumLibrary">
<msg time="2025-05-20T19:19:20.249363" level="INFO">Opening browser 'chrome' to base url 'https://www.saucedemo.com/'.</msg>
<arg>${url}</arg>
<arg>${browser}</arg>
<doc>Opens a new browser instance to the optional ``url``.</doc>
<status status="PASS" start="2025-05-20T19:19:20.249082" elapsed="3.041260"/>
</kw>
<kw name="Maximize Browser Window" owner="SeleniumLibrary">
<doc>Maximizes current browser window.</doc>
<status status="PASS" start="2025-05-20T19:19:23.290694" elapsed="0.030344"/>
</kw>
<kw name="Set Selenium Implicit Wait" owner="SeleniumLibrary">
<arg>5</arg>
<doc>Sets the implicit wait value used by Selenium.</doc>
<status status="PASS" start="2025-05-20T19:19:23.321866" elapsed="0.004629"/>
</kw>
<status status="PASS" start="2025-05-20T19:19:20.248489" elapsed="3.078715"/>
</kw>
<kw name="Login with Valid Credential" owner="LoginResources">
<kw name="fill the login form" owner="LoginResources">
<kw name="Input Text" owner="SeleniumLibrary">
<msg time="2025-05-20T19:19:23.334807" level="INFO">Typing text 'standard_user' into text field 'name=user-name'.</msg>
<arg>${un}</arg>
<arg>${Username}</arg>
<doc>Types the given ``text`` into the text field identified by ``locator``.</doc>
<status status="PASS" start="2025-05-20T19:19:23.332806" elapsed="0.218208"/>
</kw>
<kw name="Input Password" owner="SeleniumLibrary">
<msg time="2025-05-20T19:19:23.551840" level="INFO">Typing password into text field 'name=password'.</msg>
<msg time="2025-05-20T19:19:23.605362" level="INFO">Temporally setting log level to: NONE</msg>
<arg>${pw}</arg>
<arg>${Password}</arg>
<doc>Types the given password into the text field identified by ``locator``.</doc>
<status status="PASS" start="2025-05-20T19:19:23.551296" elapsed="0.134987"/>
</kw>
<kw name="Click Button" owner="SeleniumLibrary">
<msg time="2025-05-20T19:19:23.687022" level="INFO">Clicking button 'id=login-button'.</msg>
<arg>${loginbtn}</arg>
<doc>Clicks the button identified by ``locator``.</doc>
<status status="PASS" start="2025-05-20T19:19:23.686562" elapsed="0.116103"/>
</kw>
<kw name="Sleep" owner="BuiltIn">
<msg time="2025-05-20T19:19:28.804302" level="INFO">Slept 5 seconds.</msg>
<arg>5</arg>
<doc>Pauses the test executed for the given time.</doc>
<status status="PASS" start="2025-05-20T19:19:23.803040" elapsed="5.002232"/>
</kw>
<arg>${username}</arg>
<arg>${password}</arg>
<status status="PASS" start="2025-05-20T19:19:23.330874" elapsed="5.474992"/>
</kw>
<kw name="verify the dash board Page" owner="LoginResources">
<kw name="Element Text Should Be" owner="SeleniumLibrary">
<msg time="2025-05-20T19:19:28.808227" level="INFO">Verifying element 'xpath=//div[@class='app_logo']' contains exact text 'Swag Labs'.</msg>
<arg>${dashText}</arg>
<arg>Swag Labs</arg>
<doc>Verifies that element ``locator`` contains exact the text ``expected``.</doc>
<status status="PASS" start="2025-05-20T19:19:28.807327" elapsed="0.044641"/>
</kw>
<status status="PASS" start="2025-05-20T19:19:28.806331" elapsed="0.045883"/>
</kw>
<arg>standard_user</arg>
<arg>secret_sauce</arg>
<status status="PASS" start="2025-05-20T19:19:23.328251" elapsed="5.524087"/>
</kw>
<kw name="Add the Products to cart" owner="ChcekoutResources">
<kw name="Click Element" owner="SeleniumLibrary">
<msg time="2025-05-20T19:19:28.853620" level="INFO">Clicking element 'id=add-to-cart-sauce-labs-backpack'.</msg>
<arg>${backpack}</arg>
<doc>Click the element identified by ``locator``.</doc>
<status status="PASS" start="2025-05-20T19:19:28.853204" elapsed="0.099816"/>
</kw>
<kw name="Click Element" owner="SeleniumLibrary">
<msg time="2025-05-20T19:19:28.953946" level="INFO">Clicking element 'id=add-to-cart-sauce-labs-bolt-t-shirt'.</msg>
<arg>${tshirt}</arg>
<doc>Click the element identified by ``locator``.</doc>
<status status="PASS" start="2025-05-20T19:19:28.953313" elapsed="0.096156"/>
</kw>
<kw name="Click Element" owner="SeleniumLibrary">
<msg time="2025-05-20T19:19:29.050199" level="INFO">Clicking element 'id=add-to-cart-sauce-labs-bike-light'.</msg>
<arg>${bikelight}</arg>
<doc>Click the element identified by ``locator``.</doc>
<status status="PASS" start="2025-05-20T19:19:29.049768" elapsed="0.090925"/>
</kw>
<kw name="Click Element" owner="SeleniumLibrary">
<msg time="2025-05-20T19:19:29.141726" level="INFO">Clicking element 'class=shopping_cart_link'.</msg>
<arg>${cartlink}</arg>
<doc>Click the element identified by ``locator``.</doc>
<status status="PASS" start="2025-05-20T19:19:29.141022" elapsed="0.078057"/>
</kw>
<status status="PASS" start="2025-05-20T19:19:28.852603" elapsed="0.366785"/>
</kw>
<kw name="check out the products" owner="ChcekoutResources">
<kw name="Click Button" owner="SeleniumLibrary">
<msg time="2025-05-20T19:19:29.220440" level="INFO">Clicking button 'id=checkout'.</msg>
<arg>${checkout}</arg>
<doc>Clicks the button identified by ``locator``.</doc>
<status status="PASS" start="2025-05-20T19:19:29.220069" elapsed="0.125407"/>
</kw>
<status status="PASS" start="2025-05-20T19:19:29.219584" elapsed="0.126118"/>
</kw>
<kw name="Fill the checkout Details" owner="ChcekoutResources">
<kw name="Input Text" owner="SeleniumLibrary">
<msg time="2025-05-20T19:19:29.347023" level="INFO">Typing text 'Gayathri' into text field 'id=first-name'.</msg>
<arg>${fn}</arg>
<arg>${Firstname}</arg>
<doc>Types the given ``text`` into the text field identified by ``locator``.</doc>
<status status="PASS" start="2025-05-20T19:19:29.346651" elapsed="0.133218"/>
</kw>
<kw name="Input Text" owner="SeleniumLibrary">
<msg time="2025-05-20T19:19:29.481134" level="INFO">Typing text 'R' into text field 'id=last-name'.</msg>
<arg>${ln}</arg>
<arg>${Lastname}</arg>
<doc>Types the given ``text`` into the text field identified by ``locator``.</doc>
<status status="PASS" start="2025-05-20T19:19:29.480371" elapsed="0.138841"/>
</kw>
<kw name="Input Text" owner="SeleniumLibrary">
<msg time="2025-05-20T19:19:29.619957" level="INFO">Typing text '123456' into text field 'id=postal-code'.</msg>
<arg>${zc}</arg>
<arg>${Zipcode}</arg>
<doc>Types the given ``text`` into the text field identified by ``locator``.</doc>
<status status="PASS" start="2025-05-20T19:19:29.619487" elapsed="0.159161"/>
</kw>
<kw name="Click Button" owner="SeleniumLibrary">
<msg time="2025-05-20T19:19:29.780019" level="INFO">Clicking button 'id=continue'.</msg>
<arg>${continue}</arg>
<doc>Clicks the button identified by ``locator``.</doc>
<status status="PASS" start="2025-05-20T19:19:29.779260" elapsed="0.165555"/>
</kw>
<arg>${Firstname}</arg>
<arg>${Lastname}</arg>
<arg>${Zipcode}</arg>
<status status="PASS" start="2025-05-20T19:19:29.346016" elapsed="0.598994"/>
</kw>
<kw name="complete the Product checkout" owner="ChcekoutResources">
<kw name="Click Element" owner="SeleniumLibrary">
<msg time="2025-05-20T19:19:29.946318" level="INFO">Clicking element 'id=finish'.</msg>
<arg>${finish}</arg>
<doc>Click the element identified by ``locator``.</doc>
<status status="PASS" start="2025-05-20T19:19:29.945740" elapsed="0.120183"/>
</kw>
<status status="PASS" start="2025-05-20T19:19:29.945234" elapsed="0.120901"/>
</kw>
<kw name="Verify the success Message" owner="ChcekoutResources">
<kw name="Element Text Should Be" owner="SeleniumLibrary">
<msg time="2025-05-20T19:19:30.067268" level="INFO">Verifying element 'xpath=//h2[@class='complete-header']' contains exact text 'Thank you for your order!'.</msg>
<arg>${successmsg}</arg>
<arg>Thank you for your order!</arg>
<doc>Verifies that element ``locator`` contains exact the text ``expected``.</doc>
<status status="PASS" start="2025-05-20T19:19:30.066862" elapsed="0.031293"/>
</kw>
<status status="PASS" start="2025-05-20T19:19:30.066370" elapsed="0.032009"/>
</kw>
<arg>Firstname=Gayathri</arg>
<arg>Lastname=R</arg>
<arg>Zipcode=123456</arg>
<status status="PASS" start="2025-05-20T19:19:20.247530" elapsed="9.851045"/>
</kw>
<status status="PASS" start="2025-05-20T19:19:20.245524" elapsed="9.853810"/>
</test>
<status status="PASS" start="2025-05-20T19:19:19.939299" elapsed="10.163725"/>
</suite>
<status status="PASS" start="2025-05-20T19:19:19.934077" elapsed="10.174219"/>
</suite>
<status status="PASS" start="2025-05-20T19:19:19.930983" elapsed="10.183872"/>
</suite>
<status status="PASS" start="2025-05-20T19:19:19.912937" elapsed="10.204670"/>
</suite>
<statistics>
<total>
<stat pass="1" fail="0" skip="0">All Tests</stat>
</total>
<tag>
</tag>
<suite>
<stat name="RobotFramework-2" id="s1" pass="1" fail="0" skip="0">RobotFramework-2</stat>
<stat name="SauceDemo Practice" id="s1-s1" pass="1" fail="0" skip="0">RobotFramework-2.SauceDemo Practice</stat>
<stat name="TestCases" id="s1-s1-s1" pass="1" fail="0" skip="0">RobotFramework-2.SauceDemo Practice.TestCases</stat>
<stat name="purchaseProductTest" id="s1-s1-s1-s1" pass="1" fail="0" skip="0">RobotFramework-2.SauceDemo Practice.TestCases.purchaseProductTest</stat>
</suite>
</statistics>
<errors>
</errors>
</robot>
