<?xml version="1.0" encoding="UTF-8"?>
<robot generator="Robot 7.2.2 (Python 3.13.3 on win32)" generated="2025-05-19T14:09:42.915346" rpa="false" schemaversion="5">
<suite id="s1" name="POM Robot" source="D:\POM_Robot">
<suite id="s1-s1" name="TestCases" source="D:\POM_Robot\TestCases">
<suite id="s1-s1-s1" name="LoginPageTest" source="D:\POM_Robot\TestCases\LoginPageTest.robot">
<test id="s1-s1-s1-t1" name="validate unsuccessful login for blank username" line="14">
<kw name="open the browser with url" owner="GenericResources" type="SETUP">
<kw name="Open Browser" owner="SeleniumLibrary">
<msg time="2025-05-19T14:09:43.476285" level="INFO">Opening browser 'chrome' to base url 'https://opensource-demo.orangehrmlive.com/web/index.php/auth/login'.</msg>
<arg>${url}</arg>
<arg>${browser}</arg>
<doc>Opens a new browser instance to the optional ``url``.</doc>
<status status="PASS" start="2025-05-19T14:09:43.475859" elapsed="10.130299"/>
</kw>
<kw name="Maximize Browser Window" owner="SeleniumLibrary">
<doc>Maximizes current browser window.</doc>
<status status="PASS" start="2025-05-19T14:09:53.607033" elapsed="0.085522"/>
</kw>
<kw name="Set Selenium Implicit Wait" owner="SeleniumLibrary">
<arg>5</arg>
<doc>Sets the implicit wait value used by Selenium.</doc>
<status status="PASS" start="2025-05-19T14:09:53.693287" elapsed="0.004971"/>
</kw>
<status status="PASS" start="2025-05-19T14:09:43.474857" elapsed="10.223672"/>
</kw>
<kw name="fill the login form" owner="LoginResources">
<kw name="Input Text" owner="SeleniumLibrary">
<msg time="2025-05-19T14:09:53.701803" level="INFO">Typing text '' into text field 'xpath=//input[@name='username']'.</msg>
<arg>xpath=//input[@name='username']</arg>
<arg>${un}</arg>
<doc>Types the given ``text`` into the text field identified by ``locator``.</doc>
<status status="PASS" start="2025-05-19T14:09:53.700868" elapsed="0.963651"/>
</kw>
<kw name="Input Password" owner="SeleniumLibrary">
<msg time="2025-05-19T14:09:54.665623" level="INFO">Typing password into text field 'xpath=//input[@name='password']'.</msg>
<msg time="2025-05-19T14:09:54.730997" level="INFO">Temporally setting log level to: NONE</msg>
<arg>xpath=//input[@name='password']</arg>
<arg>${pw}</arg>
<doc>Types the given password into the text field identified by ``locator``.</doc>
<status status="PASS" start="2025-05-19T14:09:54.664946" elapsed="0.185825"/>
</kw>
<kw name="Click Button" owner="SeleniumLibrary">
<msg time="2025-05-19T14:09:54.851927" level="INFO">Clicking button 'xpath=//button[@class='oxd-button oxd-button--medium oxd-button--main orangehrm-login-button']'.</msg>
<arg>xpath=//button[@class='oxd-button oxd-button--medium oxd-button--main orangehrm-login-button']</arg>
<doc>Clicks the button identified by ``locator``.</doc>
<status status="PASS" start="2025-05-19T14:09:54.851291" elapsed="0.168311"/>
</kw>
<kw name="Sleep" owner="BuiltIn">
<msg time="2025-05-19T14:10:00.020986" level="INFO">Slept 5 seconds.</msg>
<arg>5</arg>
<doc>Pauses the test executed for the given time.</doc>
<status status="PASS" start="2025-05-19T14:09:55.019912" elapsed="5.001597"/>
</kw>
<arg>${blank_un}</arg>
<arg>${valid_pw}</arg>
<status status="PASS" start="2025-05-19T14:09:53.699070" elapsed="6.323749"/>
</kw>
<kw name="verify the error message is displayed for username" owner="LoginResources">
<kw name="Element Text Should Be" owner="SeleniumLibrary">
<msg time="2025-05-19T14:10:00.026182" level="INFO">Verifying element 'xpath=(//div[@class='oxd-input-group oxd-input-field-bottom-space'])[1]/span' contains exact text 'Required'.</msg>
<arg>${missing_username}</arg>
<arg>Required</arg>
<doc>Verifies that element ``locator`` contains exact the text ``expected``.</doc>
<status status="PASS" start="2025-05-19T14:10:00.025113" elapsed="0.076110"/>
</kw>
<status status="PASS" start="2025-05-19T14:10:00.023648" elapsed="0.077999"/>
</kw>
<kw name="close the browser session" owner="GenericResources" type="TEARDOWN">
<kw name="Close Browser" owner="SeleniumLibrary">
<doc>Closes the current browser.</doc>
<status status="PASS" start="2025-05-19T14:10:00.103913" elapsed="2.242510"/>
</kw>
<status status="PASS" start="2025-05-19T14:10:00.102371" elapsed="2.244428"/>
</kw>
<status status="PASS" start="2025-05-19T14:09:43.473909" elapsed="18.873093"/>
</test>
<status status="PASS" start="2025-05-19T14:09:42.981922" elapsed="19.367053"/>
</suite>
<status status="PASS" start="2025-05-19T14:09:42.979116" elapsed="19.371372"/>
</suite>
<status status="PASS" start="2025-05-19T14:09:42.958649" elapsed="19.393818"/>
</suite>
<statistics>
<total>
<stat pass="1" fail="0" skip="0">All Tests</stat>
</total>
<tag>
</tag>
<suite>
<stat name="POM Robot" id="s1" pass="1" fail="0" skip="0">POM Robot</stat>
<stat name="TestCases" id="s1-s1" pass="1" fail="0" skip="0">POM Robot.TestCases</stat>
<stat name="LoginPageTest" id="s1-s1-s1" pass="1" fail="0" skip="0">POM Robot.TestCases.LoginPageTest</stat>
</suite>
</statistics>
<errors>
</errors>
</robot>
